C51 COMPILER V9.54   AD                                                                    10/21/2018 19:40:27 PAGE 1   


C51 COMPILER V9.54, COMPILATION OF MODULE AD
OBJECT MODULE PLACED IN .\Objects\AD.obj
COMPILER INVOKED BY: F:\keil\C51\BIN\C51.EXE ..\SYSTEM\AD.c OPTIMIZE(8,SPEED) BROWSE INCDIR(..\SYSTEM;..\HARDWARE;..\USE
                    -R) DEBUG OBJECTEXTEND PRINT(.\Listings\AD.lst) TABS(2) OBJECT(.\Objects\AD.obj)

line level    source

   1          #include  <STC15F2K60S2.h>
   2          #include  "AD.h"
   3          #include "myself.h"
   4          #include  "Serial.h"
   5          bit bFlagAD=0;
   6          unsigned char cADCResult=0;
   7          void ADCInit()
   8          {
   9   1          P1ASF = 0x01;                   //设置P10口为AD口
  10   1          ADC_RES = 0;                    //清除结果寄存器
  11   1          ADC_CONTR = ADC_POWER | ADC_SPEEDHH | ADC_START | 0x00;//改为最高速度
  12   1          IE = IE | 0xa0 ;                      //使能ADC中断
  13   1          DelayNms(2);//ADC上电并延时
  14   1      }
  15          
  16          void adc_isr() interrupt 5 using 3//AD 中断处理函数
  17          {
  18   1          ADC_CONTR &= !ADC_FLAG;         //清除ADC中断标志
  19   1          bFlagAD=1;
  20   1          cADCResult=ADC_RES;
  21   1      //    S1SendData(0x5a);                   //显示通道号
  22   1      //    S1SendData(ADC_RES);              //读取高8位结果并发送到串口
  23   1      
  24   1      //    S1SendData(ADC_LOW2);           //显示低2位结果
  25   1          
  26   1      
  27   1      }


MODULE INFORMATION:   STATIC OVERLAYABLE
   CODE SIZE        =     27    ----
   CONSTANT SIZE    =   ----    ----
   XDATA SIZE       =   ----    ----
   PDATA SIZE       =   ----    ----
   DATA SIZE        =      1    ----
   IDATA SIZE       =   ----    ----
   BIT SIZE         =      1    ----
END OF MODULE INFORMATION.


C51 COMPILATION COMPLETE.  0 WARNING(S),  0 ERROR(S)
