C51 COMPILER V9.55   NOKIALCD                                                              12/05/2016 22:31:43 PAGE 1   


C51 COMPILER V9.55, COMPILATION OF MODULE NOKIALCD
OBJECT MODULE PLACED IN .\Objects\NoKiaLcd.obj
COMPILER INVOKED BY: C:\Keil_v5\C51\BIN\C51.EXE ..\HARDWARE\NoKiaLcd.c OPTIMIZE(8,SPEED) BROWSE INCDIR(..\SYSTEM;..\HARD
                    -WARE;..\USER) DEBUG OBJECTEXTEND PRINT(.\Listings\NoKiaLcd.lst) TABS(2) OBJECT(.\Objects\NoKiaLcd.obj)

line level    source

   1          #include<NoKiaLCD.h>
   2          
   3          unsigned char code shuzi[]={
   4          /*--  文字:  0  --*/
   5          /*--  宋体12;  此字体下对应的点阵为：宽x高=8x16   --*/
   6          0x00,0xE0,0x10,0x08,0x08,0x10,0xE0,0x00,0x00,0x0F,0x10,0x20,0x20,0x10,0x0F,0x00,
   7          
   8          /*--  文字:  1  --*/
   9          /*--  宋体12;  此字体下对应的点阵为：宽x高=8x16   --*/
  10          0x00,0x10,0x10,0xF8,0x00,0x00,0x00,0x00,0x00,0x20,0x20,0x3F,0x20,0x20,0x00,0x00,
  11          
  12          /*--  文字:  2  --*/
  13          /*--  宋体12;  此字体下对应的点阵为：宽x高=8x16   --*/
  14          0x00,0x70,0x08,0x08,0x08,0x88,0x70,0x00,0x00,0x30,0x28,0x24,0x22,0x21,0x30,0x00,
  15          
  16          /*--  文字:  3  --*/
  17          /*--  宋体12;  此字体下对应的点阵为：宽x高=8x16   --*/
  18          0x00,0x30,0x08,0x88,0x88,0x48,0x30,0x00,0x00,0x18,0x20,0x20,0x20,0x11,0x0E,0x00,
  19          
  20          /*--  文字:  4  --*/
  21          /*--  宋体12;  此字体下对应的点阵为：宽x高=8x16   --*/
  22          0x00,0x00,0xC0,0x20,0x10,0xF8,0x00,0x00,0x00,0x07,0x04,0x24,0x24,0x3F,0x24,0x00,
  23          
  24          /*--  文字:  5  --*/
  25          /*--  宋体12;  此字体下对应的点阵为：宽x高=8x16   --*/
  26          0x00,0xF8,0x08,0x88,0x88,0x08,0x08,0x00,0x00,0x19,0x21,0x20,0x20,0x11,0x0E,0x00,
  27          
  28          /*--  文字:  6  --*/
  29          /*--  宋体12;  此字体下对应的点阵为：宽x高=8x16   --*/
  30          0x00,0xE0,0x10,0x88,0x88,0x18,0x00,0x00,0x00,0x0F,0x11,0x20,0x20,0x11,0x0E,0x00,
  31          
  32          /*--  文字:  7  --*/
  33          /*--  宋体12;  此字体下对应的点阵为：宽x高=8x16   --*/
  34          0x00,0x38,0x08,0x08,0xC8,0x38,0x08,0x00,0x00,0x00,0x00,0x3F,0x00,0x00,0x00,0x00,
  35          
  36          /*--  文字:  8  --*/
  37          /*--  宋体12;  此字体下对应的点阵为：宽x高=8x16   --*/
  38          0x00,0x70,0x88,0x08,0x08,0x88,0x70,0x00,0x00,0x1C,0x22,0x21,0x21,0x22,0x1C,0x00,
  39          
  40          /*--  文字:  9  --*/
  41          /*--  宋体12;  此字体下对应的点阵为：宽x高=8x16   --*/
  42          0x00,0xE0,0x10,0x08,0x08,0x10,0xE0,0x00,0x00,0x00,0x31,0x22,0x22,0x11,0x0F,0x00,
  43          
  44          /*--  文字:  a  --10*/
  45          /*--  宋体12;  此字体下对应的点阵为：宽x高=8x16   --*/
  46          0x00,0x00,0x80,0x80,0x80,0x80,0x00,0x00,0x00,0x19,0x24,0x22,0x22,0x22,0x3F,0x20,
  47          
  48          /*--  文字:  b  --11*/
  49          /*--  宋体12;  此字体下对应的点阵为：宽x高=8x16   --*/
  50          0x08,0xF8,0x00,0x80,0x80,0x00,0x00,0x00,0x00,0x3F,0x11,0x20,0x20,0x11,0x0E,0x00,
  51          
  52          /*--  文字:  c  --12*/
  53          /*--  宋体12;  此字体下对应的点阵为：宽x高=8x16   --*/
  54          0x00,0x00,0x00,0x80,0x80,0x80,0x00,0x00,0x00,0x0E,0x11,0x20,0x20,0x20,0x11,0x00,
C51 COMPILER V9.55   NOKIALCD                                                              12/05/2016 22:31:43 PAGE 2   

  55          
  56          /*--  文字:  d  --13*/
  57          /*--  宋体12;  此字体下对应的点阵为：宽x高=8x16   --*/
  58          0x00,0x00,0x00,0x80,0x80,0x88,0xF8,0x00,0x00,0x0E,0x11,0x20,0x20,0x10,0x3F,0x20,
  59          
  60          /*--  文字:  e  --*/
  61          /*--  宋体12;  此字体下对应的点阵为：宽x高=8x16   --*/
  62          0x00,0x00,0x80,0x80,0x80,0x80,0x00,0x00,0x00,0x1F,0x22,0x22,0x22,0x22,0x13,0x00,
  63          
  64          /*--  文字:  f  --*/
  65          /*--  宋体12;  此字体下对应的点阵为：宽x高=8x16   --*/
  66          0x00,0x80,0x80,0xF0,0x88,0x88,0x88,0x18,0x00,0x20,0x20,0x3F,0x20,0x20,0x00,0x00,
  67          
  68          /*--  文字:  g  --16*/
  69          /*--  宋体12;  此字体下对应的点阵为：宽x高=8x16   --*/
  70          0x00,0x00,0x80,0x80,0x80,0x80,0x80,0x00,0x00,0x6B,0x94,0x94,0x94,0x93,0x60,0x00,
  71          
  72          /*--  文字:  h  --*/
  73          /*--  宋体12;  此字体下对应的点阵为：宽x高=8x16   --*/
  74          0x08,0xF8,0x00,0x80,0x80,0x80,0x00,0x00,0x20,0x3F,0x21,0x00,0x00,0x20,0x3F,0x20,
  75          
  76          /*--  文字:  i  --*/
  77          /*--  宋体12;  此字体下对应的点阵为：宽x高=8x16   --*/
  78          0x00,0x80,0x98,0x98,0x00,0x00,0x00,0x00,0x00,0x20,0x20,0x3F,0x20,0x20,0x00,0x00,
  79          
  80          /*--  文字:  j  --19*/
  81          /*--  宋体12;  此字体下对应的点阵为：宽x高=8x16   --*/
  82          0x00,0x00,0x00,0x80,0x98,0x98,0x00,0x00,0x00,0xC0,0x80,0x80,0x80,0x7F,0x00,0x00,
  83          
  84          /*--  文字:  k  --*/
  85          /*--  宋体12;  此字体下对应的点阵为：宽x高=8x16   --*/
  86          0x08,0xF8,0x00,0x00,0x80,0x80,0x80,0x00,0x20,0x3F,0x24,0x02,0x2D,0x30,0x20,0x00,
  87          
  88          /*--  文字:  l  --*/
  89          /*--  宋体12;  此字体下对应的点阵为：宽x高=8x16   --*/
  90          0x00,0x08,0x08,0xF8,0x00,0x00,0x00,0x00,0x00,0x20,0x20,0x3F,0x20,0x20,0x00,0x00,
  91          
  92          /*--  文字:  m  --22*/
  93          /*--  宋体12;  此字体下对应的点阵为：宽x高=8x16   --*/
  94          0x80,0x80,0x80,0x80,0x80,0x80,0x80,0x00,0x20,0x3F,0x20,0x00,0x3F,0x20,0x00,0x3F,
  95          
  96          /*--  文字:  n  --23*/
  97          /*--  宋体12;  此字体下对应的点阵为：宽x高=8x16   --*/
  98          0x80,0x80,0x00,0x80,0x80,0x80,0x00,0x00,0x20,0x3F,0x21,0x00,0x00,0x20,0x3F,0x20,
  99          
 100          /*--  文字:  o  --24*/
 101          /*--  宋体12;  此字体下对应的点阵为：宽x高=8x16   --*/
 102          0x00,0x00,0x80,0x80,0x80,0x80,0x00,0x00,0x00,0x1F,0x20,0x20,0x20,0x20,0x1F,0x00,
 103          
 104          /*--  文字:  p  --*/
 105          /*--  宋体12;  此字体下对应的点阵为：宽x高=8x16   --*/
 106          0x80,0x80,0x00,0x80,0x80,0x00,0x00,0x00,0x80,0xFF,0xA1,0x20,0x20,0x11,0x0E,0x00,
 107          
 108          /*--  文字:  q  --*/
 109          /*--  宋体12;  此字体下对应的点阵为：宽x高=8x16   --*/
 110          0x00,0x00,0x00,0x80,0x80,0x80,0x80,0x00,0x00,0x0E,0x11,0x20,0x20,0xA0,0xFF,0x80,
 111          
 112          /*--  文字:  r  --*/
 113          /*--  宋体12;  此字体下对应的点阵为：宽x高=8x16   --*/
 114          0x80,0x80,0x80,0x00,0x80,0x80,0x80,0x00,0x20,0x20,0x3F,0x21,0x20,0x00,0x01,0x00,
 115                                                   
 116          /*--  文字:  s  --*/
C51 COMPILER V9.55   NOKIALCD                                                              12/05/2016 22:31:43 PAGE 3   

 117          /*--  宋体12;  此字体下对应的点阵为：宽x高=8x16   --*/
 118          0x00,0x00,0x80,0x80,0x80,0x80,0x80,0x00,0x00,0x33,0x24,0x24,0x24,0x24,0x19,0x00,
 119          
 120          /*--  文字:  t  --*/
 121          /*--  宋体12;  此字体下对应的点阵为：宽x高=8x16   --*/
 122          0x00,0x80,0x80,0xE0,0x80,0x80,0x00,0x00,0x00,0x00,0x00,0x1F,0x20,0x20,0x00,0x00,
 123          
 124          /*--  文字:  u  --30*/
 125          /*--  宋体12;  此字体下对应的点阵为：宽x高=8x16   --*/
 126          0x80,0x80,0x00,0x00,0x00,0x80,0x80,0x00,0x00,0x1F,0x20,0x20,0x20,0x10,0x3F,0x20,
 127          
 128          /*--  文字:  v  --*/
 129          /*--  宋体12;  此字体下对应的点阵为：宽x高=8x16   --*/
 130          0x80,0x80,0x80,0x00,0x00,0x80,0x80,0x80,0x00,0x01,0x0E,0x30,0x08,0x06,0x01,0x00,
 131          
 132          /*--  文字:  w  --*/
 133          /*--  宋体12;  此字体下对应的点阵为：宽x高=8x16   --*/
 134          0x80,0x80,0x00,0x80,0x00,0x80,0x80,0x80,0x0F,0x30,0x0C,0x03,0x0C,0x30,0x0F,0x00,
 135          
 136          /*--  文字:  x  --*/
 137          /*--  宋体12;  此字体下对应的点阵为：宽x高=8x16   --*/
 138          0x00,0x80,0x80,0x00,0x80,0x80,0x80,0x00,0x00,0x20,0x31,0x2E,0x0E,0x31,0x20,0x00,
 139          
 140          /*--  文字:  y  --*/
 141          /*--  宋体12;  此字体下对应的点阵为：宽x高=8x16   --*/
 142          0x80,0x80,0x80,0x00,0x00,0x80,0x80,0x80,0x80,0x81,0x8E,0x70,0x18,0x06,0x01,0x00,
 143          
 144          /*--  文字:  z  --35*/
 145          /*--  宋体12;  此字体下对应的点阵为：宽x高=8x16   --*/
 146          0x00,0x80,0x80,0x80,0x80,0x80,0x80,0x00,0x00,0x21,0x30,0x2C,0x22,0x21,0x30,0x00,
 147          
 148          /*--  文字:  -  --*/
 149          /*--  宋体12;  此字体下对应的点阵为：宽x高=8x16   --*/
 150          0x00,0x00,0x00,0x00,0x00,0x00,0x00,0x00,0x00,0x01,0x01,0x01,0x01,0x01,0x01,0x01,
 151          
 152          /*--  文字:  =  --*/
 153          /*--  宋体12;  此字体下对应的点阵为：宽x高=8x16   --*/
 154          0x40,0x40,0x40,0x40,0x40,0x40,0x40,0x00,0x04,0x04,0x04,0x04,0x04,0x04,0x04,0x00,
 155          
 156          /*--  文字:  \  --*/
 157          /*--  宋体12;  此字体下对应的点阵为：宽x高=8x16   --*/
 158          0x00,0x0C,0x30,0xC0,0x00,0x00,0x00,0x00,0x00,0x00,0x00,0x01,0x06,0x38,0xC0,0x00,
 159          
 160          /*--  文字:     --39*/
 161          /*--  宋体12;  此字体下对应的点阵为：宽x高=8x16   --*/
 162          0x00,0x00,0x00,0x00,0x00,0x00,0x00,0x00,0x00,0x00,0x00,0x00,0x00,0x00,0x00,0x00,
 163          
 164          /*--  文字:  [  --*/
 165          /*--  宋体12;  此字体下对应的点阵为：宽x高=8x16   --*/
 166          0x00,0x00,0x00,0xFE,0x02,0x02,0x02,0x00,0x00,0x00,0x00,0x7F,0x40,0x40,0x40,0x00,
 167          
 168          /*--  文字:  ]  --*/
 169          /*--  宋体12;  此字体下对应的点阵为：宽x高=8x16   --*/
 170          0x00,0x02,0x02,0x02,0xFE,0x00,0x00,0x00,0x00,0x40,0x40,0x40,0x7F,0x00,0x00,0x00,
 171          
 172          /*--  文字:  ;  --*/
 173          /*--  宋体12;  此字体下对应的点阵为：宽x高=8x16   --*/
 174          0x00,0x00,0x00,0x80,0x00,0x00,0x00,0x00,0x00,0x00,0x80,0x60,0x00,0x00,0x00,0x00,
 175          
 176          /*--  文字:  '  --*/
 177          /*--  宋体12;  此字体下对应的点阵为：宽x高=8x16   --*/
 178          0x10,0x16,0x0E,0x00,0x00,0x00,0x00,0x00,0x00,0x00,0x00,0x00,0x00,0x00,0x00,0x00,
C51 COMPILER V9.55   NOKIALCD                                                              12/05/2016 22:31:43 PAGE 4   

 179          
 180          /*--  文字:  ,  --*/
 181          /*--  宋体12;  此字体下对应的点阵为：宽x高=8x16   --*/
 182          0x00,0x00,0x00,0x00,0x00,0x00,0x00,0x00,0x80,0xB0,0x70,0x00,0x00,0x00,0x00,0x00,
 183          
 184          /*--  文字:  .  --45*/
 185          /*--  宋体12;  此字体下对应的点阵为：宽x高=8x16   --*/
 186          0x00,0x00,0x00,0x00,0x00,0x00,0x00,0x00,0x00,0x30,0x30,0x00,0x00,0x00,0x00,0x00,
 187          
 188          /*--  文字:  /  --*/
 189          /*--  宋体12;  此字体下对应的点阵为：宽x高=8x16   --*/
 190          0x00,0x00,0x00,0x00,0x80,0x60,0x18,0x04,0x00,0x60,0x18,0x06,0x01,0x00,0x00,0x00,
 191            
 192          };
 193          
 194          unsigned char code maohao[]={
 195          /*--  文字:  :  --*/
 196          /*--  宋体12;  此字体下对应的点阵为：宽x高=8x16   --*/
 197          0x00,0x00,0x00,0xC0,0xC0,0x00,0x00,0x00,0x00,0x00,0x00,0x30,0x30,0x00,0x00,0x00
 198          
 199          
 200          };
 201          unsigned char code jiaohao[]={
 202          
 203          /*--  文字:  + - --48*/
 204          /*--  宋体12;  此字体下对应的点阵为：宽x高=8x16   --*/
 205          0x00,0x00,0x10,0x10,0x7C,0x10,0x10,0x00,0x00,0x00,0x08,0x08,0x08,0x08,0x08,0x00,
 206          
 207          /*--  文字:  +  --49*/
 208          /*--  宋体12;  此字体下对应的点阵为：宽x高=8x16   --*/
 209          0x00,0x00,0x10,0x10,0x7C,0x10,0x10,0x00,0x00,0x00,0x00,0x00,0x00,0x00,0x00,0x00,
 210          
 211          /*--  文字:  -  --50*/
 212          /*--  宋体12;  此字体下对应的点阵为：宽x高=8x16   --*/
 213          0x00,0x00,0x00,0x00,0x00,0x00,0x00,0x00,0x00,0x00,0x08,0x08,0x08,0x08,0x08,0x00
 214          };
 215          
 216          unsigned char code hanzi[]={
 217          /*--  文字:  扬  --*/
 218          /*--  宋体12;  此字体下对应的点阵为：宽x高=16x16   --*/
 219          0x10,0x10,0x10,0xFF,0x10,0x90,0x00,0x42,0xE2,0x52,0x4A,0xC6,0x42,0x40,0xC0,0x00,
 220          0x04,0x44,0x82,0x7F,0x01,0x20,0x10,0x8C,0x43,0x20,0x18,0x47,0x80,0x40,0x3F,0x00,
 221          
 222          /*--  文字:  州  --*/
 223          /*--  宋体12;  此字体下对应的点阵为：宽x高=16x16   --*/
 224          0x00,0xE0,0x00,0xFF,0x00,0x20,0xC0,0x00,0xFE,0x00,0x20,0xC0,0x00,0xFF,0x00,0x00,
 225          0x81,0x40,0x30,0x0F,0x00,0x00,0x00,0x00,0x3F,0x00,0x00,0x00,0x00,0xFF,0x00,0x00,
 226          
 227          /*--  文字:  大  --*/
 228          /*--  宋体12;  此字体下对应的点阵为：宽x高=16x16   --*/
 229          0x20,0x20,0x20,0x20,0x20,0x20,0x20,0xFF,0x20,0x20,0x20,0x20,0x20,0x20,0x20,0x00,
 230          0x80,0x80,0x40,0x20,0x10,0x0C,0x03,0x00,0x03,0x0C,0x10,0x20,0x40,0x80,0x80,0x00,
 231          
 232          /*--  文字:  学  --*/
 233          /*--  宋体12;  此字体下对应的点阵为：宽x高=16x16   --*/
 234          0x40,0x30,0x11,0x96,0x90,0x90,0x91,0x96,0x90,0x90,0x98,0x14,0x13,0x50,0x30,0x00,
 235          0x04,0x04,0x04,0x04,0x04,0x44,0x84,0x7E,0x06,0x05,0x04,0x04,0x04,0x04,0x04,0x00,
 236          
 237          /*--  文字:  物  --*/
 238          /*--  宋体12;  此字体下对应的点阵为：宽x高=16x16   --*/
 239          0x40,0x3C,0x10,0xFF,0x10,0x10,0x20,0x10,0x8F,0x78,0x08,0xF8,0x08,0xF8,0x00,0x00,
 240          0x02,0x06,0x02,0xFF,0x01,0x01,0x04,0x42,0x21,0x18,0x46,0x81,0x40,0x3F,0x00,0x00,
C51 COMPILER V9.55   NOKIALCD                                                              12/05/2016 22:31:43 PAGE 5   

 241          
 242          /*--  文字:  理  --*/
 243          /*--  宋体12;  此字体下对应的点阵为：宽x高=16x16   --*/
 244          0x04,0x84,0x84,0xFC,0x84,0x84,0x00,0xFE,0x92,0x92,0xFE,0x92,0x92,0xFE,0x00,0x00,
 245          0x20,0x60,0x20,0x1F,0x10,0x10,0x40,0x44,0x44,0x44,0x7F,0x44,0x44,0x44,0x40,0x00,
 246          
 247          /*--  文字:  学  --*/
 248          /*--  宋体12;  此字体下对应的点阵为：宽x高=16x16   --*/
 249          0x40,0x30,0x11,0x96,0x90,0x90,0x91,0x96,0x90,0x90,0x98,0x14,0x13,0x50,0x30,0x00,
 250          0x04,0x04,0x04,0x04,0x04,0x44,0x84,0x7E,0x06,0x05,0x04,0x04,0x04,0x04,0x04,0x00,
 251          
 252          /*--  文字:  院  --*/
 253          /*--  宋体12;  此字体下对应的点阵为：宽x高=16x16   --*/
 254          0x00,0xFE,0x22,0x5A,0x86,0x10,0x0C,0x24,0x24,0x25,0x26,0x24,0x24,0x14,0x0C,0x00,
 255          0x00,0xFF,0x04,0x08,0x07,0x80,0x41,0x31,0x0F,0x01,0x01,0x3F,0x41,0x41,0x71,0x00,
 256          
 257          
 258          };
 259          //void delay_1ms(void)//1ms延时函数
 260          //{
 261          //  unsigned int i;
 262          //  for (i=0;i<500;i++)   ;
 263          //}
 264          
 265          /*--------------------------------------------
 266          LCD_write_byte: 使用SPI接口写数据到LCD
 267          输入参数：dt：写入的数据；
 268          command ：写数据/命令选择；
 269          编写日期：20080918 
 270          ----------------------------------------------*/
 271          void LCD_write_byte(unsigned char dt, unsigned char command)
 272          {
 273   1        unsigned char i; 
 274   1        sce=0;  
 275   1        dc=command; 
 276   1        for(i=0;i<8;i++)
 277   1        { 
 278   2          if(dt&0x80)
 279   2            sdin=1;
 280   2          else
 281   2            sdin=0;
 282   2          dt=dt<<1;   
 283   2          sclk=0;     
 284   2          sclk=1; 
 285   2        } 
 286   1        dc=1; 
 287   1        sce=1;  
 288   1        sdin=1;
 289   1      }
 290          /*---------------------------------------
 291          LCD_init: 3310LCD初始化
 292          编写日期：20080918 
 293          -----------------------------------------  */
 294          void LCD_init(void)
 295          {
 296   1        res=0;    
 297   1        Delay1ms()  ;
 298   1        res=1;  
 299   1        LCD_write_byte(0x21,0);//初始化Lcd,功能设定使用扩充指令
 300   1        LCD_write_byte(0xd0,0);//设定液晶偏置电压
 301   1        LCD_write_byte(0x20,0);//使用基本指令
 302   1        LCD_write_byte(0x0C,0);//设定显示模式，正常显示
C51 COMPILER V9.55   NOKIALCD                                                              12/05/2016 22:31:43 PAGE 6   

 303   1      }
 304          /*-------------------------------------------
 305          LCD_set_XY: 设置LCD坐标函数
 306          输入参数：X：0－83  Y：0－5
 307          编写日期：20080918 
 308          ---------------------------------------------*/
 309          void LCD_set_XY(unsigned char X, unsigned char Y)
 310          {
 311   1        LCD_write_byte(0x40 | Y, 0);// column
 312   1        LCD_write_byte(0x80 | X, 0);// row
 313   1      } 
 314          /*------------------------------------------
 315          LCD_clear: LCD清屏函数
 316          编写日期：20080918 
 317          --------------------------------------------*/
 318          void LCD_clear(void)
 319          {
 320   1        unsigned char t;
 321   1        unsigned char k;
 322   1        LCD_set_XY(0,0);
 323   1        for(t=0;t<6;t++)
 324   1        { 
 325   2          for(k=0;k<84;k++)
 326   2          { 
 327   3            LCD_write_byte(0x00,1);
 328   3              
 329   3          } 
 330   2        }
 331   1      }
 332          /*---------------------------------------------
 333          LCD_write_shu: 显示8（宽）*16（高）点阵列数字字母符号等半角类
 334          输入参数：c：显示的字符；
 335          编写日期：20080918 
 336          -----------------------------------------------*/
 337          void LCD_write_shu(unsigned char row, unsigned char page,unsigned char c) //row:列 page:页 dd:字符
 338          {
 339   1        unsigned char i;    
 340   1        
 341   1        LCD_set_XY(row*8, page);// 列，页 
 342   1        for(i=0; i<8;i++) 
 343   1        {
 344   2          LCD_write_byte(shuzi[c*16+i],1); 
 345   2        }
 346   1        
 347   1          LCD_set_XY(row*8, page+1);// 列，页 
 348   1        for(i=8; i<16;i++) 
 349   1        {
 350   2          LCD_write_byte(shuzi[c*16+i],1);
 351   2        }   
 352   1      }
 353          /*---------------------------------------------
 354          LCD_write_hanzi: 显示16（宽）*16（高）点阵列汉字等半角类
 355          输入参数：c：显示的字符；
 356          编写日期：20080918 
 357          -----------------------------------------------*/
 358          void LCD_write_hanzi(unsigned char row, unsigned char page,unsigned char c) //row:列 page:页 dd:字符
 359          {
 360   1        unsigned char i;    
 361   1        
 362   1        LCD_set_XY(row*8, page);// 列，页 
 363   1        for(i=0; i<16;i++) 
 364   1        {
C51 COMPILER V9.55   NOKIALCD                                                              12/05/2016 22:31:43 PAGE 7   

 365   2          LCD_write_byte(hanzi[c*32+i],1); 
 366   2        }
 367   1        
 368   1          LCD_set_XY(row*8, page+1);// 列，页 
 369   1        for(i=16; i<32;i++) 
 370   1        {
 371   2          LCD_write_byte(hanzi[c*32+i],1);
 372   2        } 
 373   1      }
 374          void delay(unsigned int n) //delay 0.5ms under 11.0592MHz when n is 1
 375          {
 376   1        unsigned int i,j;
 377   1        for(j = 1; j<=n; j++)
 378   1          for(i=1; i<151; i++);
 379   1      
 380   1      }


MODULE INFORMATION:   STATIC OVERLAYABLE
   CODE SIZE        =    299    ----
   CONSTANT SIZE    =   1072    ----
   XDATA SIZE       =   ----    ----
   PDATA SIZE       =   ----    ----
   DATA SIZE        =   ----    ----
   IDATA SIZE       =   ----    ----
   BIT SIZE         =   ----    ----
END OF MODULE INFORMATION.


C51 COMPILATION COMPLETE.  0 WARNING(S),  0 ERROR(S)
