Analysis & Synthesis report for ps2_lcd1602
Sun Feb 20 19:37:53 2011
Quartus II Version 9.0 Build 132 02/25/2009 SJ Full Version


---------------------
; Table of Contents ;
---------------------
  1. Legal Notice
  2. Analysis & Synthesis Summary
  3. Analysis & Synthesis Settings
  4. Analysis & Synthesis Source Files Read
  5. Analysis & Synthesis Resource Usage Summary
  6. Analysis & Synthesis Resource Utilization by Entity
  7. State Machine - |ps2_lcd1602|LCD_1602:LCD_1602_Init|PS2_LCD_DATA_nn
  8. State Machine - |ps2_lcd1602|LCD_1602:LCD_1602_Init|state
  9. Registers Removed During Synthesis
 10. General Register Statistics
 11. Inverted Register Statistics
 12. Multiplexer Restructuring Statistics (Restructuring Performed)
 13. Parameter Settings for User Entity Instance: LCD_1602:LCD_1602_Init
 14. Port Connectivity Checks: "Beep_Module:Beep_Init"
 15. Analysis & Synthesis Messages



----------------
; Legal Notice ;
----------------
Copyright (C) 1991-2009 Altera Corporation
Your use of Altera Corporation's design tools, logic functions 
and other software and tools, and its AMPP partner logic 
functions, and any output files from any of the foregoing 
(including device programming or simulation files), and any 
associated documentation or information are expressly subject 
to the terms and conditions of the Altera Program License 
Subscription Agreement, Altera MegaCore Function License 
Agreement, or other applicable license agreement, including, 
without limitation, that your use is for the sole purpose of 
programming logic devices manufactured by Altera and sold by 
Altera or its authorized distributors.  Please refer to the 
applicable agreement for further details.



+-------------------------------------------------------------------------------+
; Analysis & Synthesis Summary                                                  ;
+------------------------------------+------------------------------------------+
; Analysis & Synthesis Status        ; Successful - Sun Feb 20 19:37:53 2011    ;
; Quartus II Version                 ; 9.0 Build 132 02/25/2009 SJ Full Version ;
; Revision Name                      ; ps2_lcd1602                              ;
; Top-level Entity Name              ; ps2_lcd1602                              ;
; Family                             ; Cyclone II                               ;
; Total logic elements               ; 348                                      ;
;     Total combinational functions  ; 312                                      ;
;     Dedicated logic registers      ; 179                                      ;
; Total registers                    ; 179                                      ;
; Total pins                         ; 16                                       ;
; Total virtual pins                 ; 0                                        ;
; Total memory bits                  ; 0                                        ;
; Embedded Multiplier 9-bit elements ; 0                                        ;
; Total PLLs                         ; 0                                        ;
+------------------------------------+------------------------------------------+


+----------------------------------------------------------------------------------------------------------+
; Analysis & Synthesis Settings                                                                            ;
+----------------------------------------------------------------+--------------------+--------------------+
; Option                                                         ; Setting            ; Default Value      ;
+----------------------------------------------------------------+--------------------+--------------------+
; Device                                                         ; EP2C5T144C6        ;                    ;
; Top-level entity name                                          ; ps2_lcd1602        ; ps2_lcd1602        ;
; Family name                                                    ; Cyclone II         ; Stratix II         ;
; Use Generated Physical Constraints File                        ; Off                ;                    ;
; Use smart compilation                                          ; Off                ; Off                ;
; Restructure Multiplexers                                       ; Auto               ; Auto               ;
; Create Debugging Nodes for IP Cores                            ; Off                ; Off                ;
; Preserve fewer node names                                      ; On                 ; On                 ;
; Disable OpenCore Plus hardware evaluation                      ; Off                ; Off                ;
; Verilog Version                                                ; Verilog_2001       ; Verilog_2001       ;
; VHDL Version                                                   ; VHDL93             ; VHDL93             ;
; State Machine Processing                                       ; Auto               ; Auto               ;
; Safe State Machine                                             ; Off                ; Off                ;
; Extract Verilog State Machines                                 ; On                 ; On                 ;
; Extract VHDL State Machines                                    ; On                 ; On                 ;
; Ignore Verilog initial constructs                              ; Off                ; Off                ;
; Iteration limit for constant Verilog loops                     ; 5000               ; 5000               ;
; Iteration limit for non-constant Verilog loops                 ; 250                ; 250                ;
; Add Pass-Through Logic to Inferred RAMs                        ; On                 ; On                 ;
; Parallel Synthesis                                             ; Off                ; Off                ;
; DSP Block Balancing                                            ; Auto               ; Auto               ;
; NOT Gate Push-Back                                             ; On                 ; On                 ;
; Power-Up Don't Care                                            ; On                 ; On                 ;
; Remove Redundant Logic Cells                                   ; Off                ; Off                ;
; Remove Duplicate Registers                                     ; On                 ; On                 ;
; Ignore CARRY Buffers                                           ; Off                ; Off                ;
; Ignore CASCADE Buffers                                         ; Off                ; Off                ;
; Ignore GLOBAL Buffers                                          ; Off                ; Off                ;
; Ignore ROW GLOBAL Buffers                                      ; Off                ; Off                ;
; Ignore LCELL Buffers                                           ; Off                ; Off                ;
; Ignore SOFT Buffers                                            ; On                 ; On                 ;
; Limit AHDL Integers to 32 Bits                                 ; Off                ; Off                ;
; Optimization Technique                                         ; Balanced           ; Balanced           ;
; Carry Chain Length                                             ; 70                 ; 70                 ;
; Auto Carry Chains                                              ; On                 ; On                 ;
; Auto Open-Drain Pins                                           ; On                 ; On                 ;
; Perform WYSIWYG Primitive Resynthesis                          ; Off                ; Off                ;
; Auto ROM Replacement                                           ; On                 ; On                 ;
; Auto RAM Replacement                                           ; On                 ; On                 ;
; Auto Shift Register Replacement                                ; Auto               ; Auto               ;
; Auto Clock Enable Replacement                                  ; On                 ; On                 ;
; Strict RAM Replacement                                         ; Off                ; Off                ;
; Allow Synchronous Control Signals                              ; On                 ; On                 ;
; Force Use of Synchronous Clear Signals                         ; Off                ; Off                ;
; Auto RAM to Logic Cell Conversion                              ; Off                ; Off                ;
; Auto Resource Sharing                                          ; Off                ; Off                ;
; Allow Any RAM Size For Recognition                             ; Off                ; Off                ;
; Allow Any ROM Size For Recognition                             ; Off                ; Off                ;
; Allow Any Shift Register Size For Recognition                  ; Off                ; Off                ;
; Use LogicLock Constraints during Resource Balancing            ; On                 ; On                 ;
; Ignore translate_off and synthesis_off directives              ; Off                ; Off                ;
; Timing-Driven Synthesis                                        ; Off                ; Off                ;
; Show Parameter Settings Tables in Synthesis Report             ; On                 ; On                 ;
; Ignore Maximum Fan-Out Assignments                             ; Off                ; Off                ;
; Synchronization Register Chain Length                          ; 2                  ; 2                  ;
; PowerPlay Power Optimization                                   ; Normal compilation ; Normal compilation ;
; HDL message level                                              ; Level2             ; Level2             ;
; Suppress Register Optimization Related Messages                ; Off                ; Off                ;
; Number of Removed Registers Reported in Synthesis Report       ; 100                ; 100                ;
; Number of Inverted Registers Reported in Synthesis Report      ; 100                ; 100                ;
; Clock MUX Protection                                           ; On                 ; On                 ;
; Auto Gated Clock Conversion                                    ; Off                ; Off                ;
; Block Design Naming                                            ; Auto               ; Auto               ;
; SDC constraint protection                                      ; Off                ; Off                ;
; Synthesis Effort                                               ; Auto               ; Auto               ;
; Allows Asynchronous Clear Usage For Shift Register Replacement ; On                 ; On                 ;
; Analysis & Synthesis Message Level                             ; Medium             ; Medium             ;
+----------------------------------------------------------------+--------------------+--------------------+


+----------------------------------------------------------------------------------------------------------------------------------------------------+
; Analysis & Synthesis Source Files Read                                                                                                             ;
+----------------------------------+-----------------+------------------------+----------------------------------------------------------------------+
; File Name with User-Entered Path ; Used in Netlist ; File Type              ; File Name with Absolute Path                                         ;
+----------------------------------+-----------------+------------------------+----------------------------------------------------------------------+
; ps2_lcd1602.v                    ; yes             ; User Verilog HDL File  ; C:/Documents and Settings/Administrator/桌面/www/ps222/ps2_lcd1602.v ;
; lcd1602.v                        ; yes             ; User Verilog HDL File  ; C:/Documents and Settings/Administrator/桌面/www/ps222/lcd1602.v     ;
; ps2_module.v                     ; yes             ; User Verilog HDL File  ; C:/Documents and Settings/Administrator/桌面/www/ps222/ps2_module.v  ;
; beep_mocule.v                    ; yes             ; User Verilog HDL File  ; C:/Documents and Settings/Administrator/桌面/www/ps222/beep_mocule.v ;
+----------------------------------+-----------------+------------------------+----------------------------------------------------------------------+


+-----------------------------------------------------+
; Analysis & Synthesis Resource Usage Summary         ;
+---------------------------------------------+-------+
; Resource                                    ; Usage ;
+---------------------------------------------+-------+
; Estimated Total logic elements              ; 348   ;
;                                             ;       ;
; Total combinational functions               ; 312   ;
; Logic element usage by number of LUT inputs ;       ;
;     -- 4 input functions                    ; 163   ;
;     -- 3 input functions                    ; 64    ;
;     -- <=2 input functions                  ; 85    ;
;                                             ;       ;
; Logic elements by mode                      ;       ;
;     -- normal mode                          ; 265   ;
;     -- arithmetic mode                      ; 47    ;
;                                             ;       ;
; Total registers                             ; 179   ;
;     -- Dedicated logic registers            ; 179   ;
;     -- I/O registers                        ; 0     ;
;                                             ;       ;
; I/O pins                                    ; 16    ;
; Maximum fan-out node                        ; RST_N ;
; Maximum fan-out                             ; 171   ;
; Total fan-out                               ; 1659  ;
; Average fan-out                             ; 3.27  ;
+---------------------------------------------+-------+


+----------------------------------------------------------------------------------------------------------------------------------------------------------------------------------------------+
; Analysis & Synthesis Resource Utilization by Entity                                                                                                                                          ;
+-----------------------------+-------------------+--------------+-------------+--------------+---------+-----------+------+--------------+-------------------------------------+--------------+
; Compilation Hierarchy Node  ; LC Combinationals ; LC Registers ; Memory Bits ; DSP Elements ; DSP 9x9 ; DSP 18x18 ; Pins ; Virtual Pins ; Full Hierarchy Name                 ; Library Name ;
+-----------------------------+-------------------+--------------+-------------+--------------+---------+-----------+------+--------------+-------------------------------------+--------------+
; |ps2_lcd1602                ; 312 (1)           ; 179 (0)      ; 0           ; 0            ; 0       ; 0         ; 16   ; 0            ; |ps2_lcd1602                        ; work         ;
;    |Beep_Module:Beep_Init|  ; 52 (52)           ; 37 (37)      ; 0           ; 0            ; 0       ; 0         ; 0    ; 0            ; |ps2_lcd1602|Beep_Module:Beep_Init  ; work         ;
;    |LCD_1602:LCD_1602_Init| ; 221 (221)         ; 92 (92)      ; 0           ; 0            ; 0       ; 0         ; 0    ; 0            ; |ps2_lcd1602|LCD_1602:LCD_1602_Init ; work         ;
;    |Ps2_Module:Ps2_Init|    ; 38 (38)           ; 50 (50)      ; 0           ; 0            ; 0       ; 0         ; 0    ; 0            ; |ps2_lcd1602|Ps2_Module:Ps2_Init    ; work         ;
+-----------------------------+-------------------+--------------+-------------+--------------+---------+-----------+------+--------------+-------------------------------------+--------------+
Note: For table entries with two numbers listed, the numbers in parentheses indicate the number of resources of the given type used by the specific entity alone. The numbers listed outside of parentheses indicate the total resources of the given type used by the specific entity and all of its sub-entities in the hierarchy.


Encoding Type:  One-Hot
+--------------------------------------------------------------------------------------------------------------------------------------------------------------------------------------------------------------------------------------------------------------------------------------------------------------------------------------------------------------------------------------------------------------------------------------------------------------------------------------------------------------------------------------------------------------------------------------------------------------------------------------------------------------------------------------------------------------------------------------------------------------------------------------------------------------------------------------------------------------------------------------------------------------------------------------------------------------------------------------------------------------------------------------------------------------------------------------------------------------------------------------------------+
; State Machine - |ps2_lcd1602|LCD_1602:LCD_1602_Init|PS2_LCD_DATA_nn                                                                                                                                                                                                                                                                                                                                                                                                                                                                                                                                                                                                                                                                                                                                                                                                                                                                                                                                                                                                                                                                              ;
+--------------------------+--------------------------+--------------------------+--------------------------+--------------------------+--------------------------+--------------------------+--------------------------+--------------------------+--------------------------+--------------------------+--------------------------+--------------------------+--------------------------+--------------------------+--------------------------+--------------------------+--------------------------+--------------------------+--------------------------+--------------------------+--------------------------+--------------------------+--------------------------+--------------------------+--------------------------+--------------------------+--------------------------+--------------------------+--------------------------+--------------------------+--------------------------+--------------------------+--------------------------+--------------------------+--------------------------+--------------------------+--------------------------+--------------------------+--------------------------+--------------------------+
; Name                     ; PS2_LCD_DATA_nn.01011010 ; PS2_LCD_DATA_nn.01011001 ; PS2_LCD_DATA_nn.01011000 ; PS2_LCD_DATA_nn.01010111 ; PS2_LCD_DATA_nn.01010110 ; PS2_LCD_DATA_nn.01010101 ; PS2_LCD_DATA_nn.01010100 ; PS2_LCD_DATA_nn.01010011 ; PS2_LCD_DATA_nn.01010010 ; PS2_LCD_DATA_nn.01010001 ; PS2_LCD_DATA_nn.01010000 ; PS2_LCD_DATA_nn.01001111 ; PS2_LCD_DATA_nn.01001110 ; PS2_LCD_DATA_nn.01001101 ; PS2_LCD_DATA_nn.01001100 ; PS2_LCD_DATA_nn.01001011 ; PS2_LCD_DATA_nn.01001010 ; PS2_LCD_DATA_nn.01001001 ; PS2_LCD_DATA_nn.01001000 ; PS2_LCD_DATA_nn.01000111 ; PS2_LCD_DATA_nn.01000110 ; PS2_LCD_DATA_nn.01000101 ; PS2_LCD_DATA_nn.01000100 ; PS2_LCD_DATA_nn.01000011 ; PS2_LCD_DATA_nn.01000010 ; PS2_LCD_DATA_nn.01000001 ; PS2_LCD_DATA_nn.00111001 ; PS2_LCD_DATA_nn.00111000 ; PS2_LCD_DATA_nn.00110111 ; PS2_LCD_DATA_nn.00110110 ; PS2_LCD_DATA_nn.00110101 ; PS2_LCD_DATA_nn.00110100 ; PS2_LCD_DATA_nn.00110011 ; PS2_LCD_DATA_nn.00110010 ; PS2_LCD_DATA_nn.00110001 ; PS2_LCD_DATA_nn.00110000 ; PS2_LCD_DATA_nn.00101101 ; PS2_LCD_DATA_nn.00101010 ; PS2_LCD_DATA_nn.00100000 ; PS2_LCD_DATA_nn.00000000 ;
+--------------------------+--------------------------+--------------------------+--------------------------+--------------------------+--------------------------+--------------------------+--------------------------+--------------------------+--------------------------+--------------------------+--------------------------+--------------------------+--------------------------+--------------------------+--------------------------+--------------------------+--------------------------+--------------------------+--------------------------+--------------------------+--------------------------+--------------------------+--------------------------+--------------------------+--------------------------+--------------------------+--------------------------+--------------------------+--------------------------+--------------------------+--------------------------+--------------------------+--------------------------+--------------------------+--------------------------+--------------------------+--------------------------+--------------------------+--------------------------+--------------------------+
; PS2_LCD_DATA_nn.00000000 ; 0                        ; 0                        ; 0                        ; 0                        ; 0                        ; 0                        ; 0                        ; 0                        ; 0                        ; 0                        ; 0                        ; 0                        ; 0                        ; 0                        ; 0                        ; 0                        ; 0                        ; 0                        ; 0                        ; 0                        ; 0                        ; 0                        ; 0                        ; 0                        ; 0                        ; 0                        ; 0                        ; 0                        ; 0                        ; 0                        ; 0                        ; 0                        ; 0                        ; 0                        ; 0                        ; 0                        ; 0                        ; 0                        ; 0                        ; 0                        ;
; PS2_LCD_DATA_nn.00100000 ; 0                        ; 0                        ; 0                        ; 0                        ; 0                        ; 0                        ; 0                        ; 0                        ; 0                        ; 0                        ; 0                        ; 0                        ; 0                        ; 0                        ; 0                        ; 0                        ; 0                        ; 0                        ; 0                        ; 0                        ; 0                        ; 0                        ; 0                        ; 0                        ; 0                        ; 0                        ; 0                        ; 0                        ; 0                        ; 0                        ; 0                        ; 0                        ; 0                        ; 0                        ; 0                        ; 0                        ; 0                        ; 0                        ; 1                        ; 1                        ;
; PS2_LCD_DATA_nn.00101010 ; 0                        ; 0                        ; 0                        ; 0                        ; 0                        ; 0                        ; 0                        ; 0                        ; 0                        ; 0                        ; 0                        ; 0                        ; 0                        ; 0                        ; 0                        ; 0                        ; 0                        ; 0                        ; 0                        ; 0                        ; 0                        ; 0                        ; 0                        ; 0                        ; 0                        ; 0                        ; 0                        ; 0                        ; 0                        ; 0                        ; 0                        ; 0                        ; 0                        ; 0                        ; 0                        ; 0                        ; 0                        ; 1                        ; 0                        ; 1                        ;
; PS2_LCD_DATA_nn.00101101 ; 0                        ; 0                        ; 0                        ; 0                        ; 0                        ; 0                        ; 0                        ; 0                        ; 0                        ; 0                        ; 0                        ; 0                        ; 0                        ; 0                        ; 0                        ; 0                        ; 0                        ; 0                        ; 0                        ; 0                        ; 0                        ; 0                        ; 0                        ; 0                        ; 0                        ; 0                        ; 0                        ; 0                        ; 0                        ; 0                        ; 0                        ; 0                        ; 0                        ; 0                        ; 0                        ; 0                        ; 1                        ; 0                        ; 0                        ; 1                        ;
; PS2_LCD_DATA_nn.00110000 ; 0                        ; 0                        ; 0                        ; 0                        ; 0                        ; 0                        ; 0                        ; 0                        ; 0                        ; 0                        ; 0                        ; 0                        ; 0                        ; 0                        ; 0                        ; 0                        ; 0                        ; 0                        ; 0                        ; 0                        ; 0                        ; 0                        ; 0                        ; 0                        ; 0                        ; 0                        ; 0                        ; 0                        ; 0                        ; 0                        ; 0                        ; 0                        ; 0                        ; 0                        ; 0                        ; 1                        ; 0                        ; 0                        ; 0                        ; 1                        ;
; PS2_LCD_DATA_nn.00110001 ; 0                        ; 0                        ; 0                        ; 0                        ; 0                        ; 0                        ; 0                        ; 0                        ; 0                        ; 0                        ; 0                        ; 0                        ; 0                        ; 0                        ; 0                        ; 0                        ; 0                        ; 0                        ; 0                        ; 0                        ; 0                        ; 0                        ; 0                        ; 0                        ; 0                        ; 0                        ; 0                        ; 0                        ; 0                        ; 0                        ; 0                        ; 0                        ; 0                        ; 0                        ; 1                        ; 0                        ; 0                        ; 0                        ; 0                        ; 1                        ;
; PS2_LCD_DATA_nn.00110010 ; 0                        ; 0                        ; 0                        ; 0                        ; 0                        ; 0                        ; 0                        ; 0                        ; 0                        ; 0                        ; 0                        ; 0                        ; 0                        ; 0                        ; 0                        ; 0                        ; 0                        ; 0                        ; 0                        ; 0                        ; 0                        ; 0                        ; 0                        ; 0                        ; 0                        ; 0                        ; 0                        ; 0                        ; 0                        ; 0                        ; 0                        ; 0                        ; 0                        ; 1                        ; 0                        ; 0                        ; 0                        ; 0                        ; 0                        ; 1                        ;
; PS2_LCD_DATA_nn.00110011 ; 0                        ; 0                        ; 0                        ; 0                        ; 0                        ; 0                        ; 0                        ; 0                        ; 0                        ; 0                        ; 0                        ; 0                        ; 0                        ; 0                        ; 0                        ; 0                        ; 0                        ; 0                        ; 0                        ; 0                        ; 0                        ; 0                        ; 0                        ; 0                        ; 0                        ; 0                        ; 0                        ; 0                        ; 0                        ; 0                        ; 0                        ; 0                        ; 1                        ; 0                        ; 0                        ; 0                        ; 0                        ; 0                        ; 0                        ; 1                        ;
; PS2_LCD_DATA_nn.00110100 ; 0                        ; 0                        ; 0                        ; 0                        ; 0                        ; 0                        ; 0                        ; 0                        ; 0                        ; 0                        ; 0                        ; 0                        ; 0                        ; 0                        ; 0                        ; 0                        ; 0                        ; 0                        ; 0                        ; 0                        ; 0                        ; 0                        ; 0                        ; 0                        ; 0                        ; 0                        ; 0                        ; 0                        ; 0                        ; 0                        ; 0                        ; 1                        ; 0                        ; 0                        ; 0                        ; 0                        ; 0                        ; 0                        ; 0                        ; 1                        ;
; PS2_LCD_DATA_nn.00110101 ; 0                        ; 0                        ; 0                        ; 0                        ; 0                        ; 0                        ; 0                        ; 0                        ; 0                        ; 0                        ; 0                        ; 0                        ; 0                        ; 0                        ; 0                        ; 0                        ; 0                        ; 0                        ; 0                        ; 0                        ; 0                        ; 0                        ; 0                        ; 0                        ; 0                        ; 0                        ; 0                        ; 0                        ; 0                        ; 0                        ; 1                        ; 0                        ; 0                        ; 0                        ; 0                        ; 0                        ; 0                        ; 0                        ; 0                        ; 1                        ;
; PS2_LCD_DATA_nn.00110110 ; 0                        ; 0                        ; 0                        ; 0                        ; 0                        ; 0                        ; 0                        ; 0                        ; 0                        ; 0                        ; 0                        ; 0                        ; 0                        ; 0                        ; 0                        ; 0                        ; 0                        ; 0                        ; 0                        ; 0                        ; 0                        ; 0                        ; 0                        ; 0                        ; 0                        ; 0                        ; 0                        ; 0                        ; 0                        ; 1                        ; 0                        ; 0                        ; 0                        ; 0                        ; 0                        ; 0                        ; 0                        ; 0                        ; 0                        ; 1                        ;
; PS2_LCD_DATA_nn.00110111 ; 0                        ; 0                        ; 0                        ; 0                        ; 0                        ; 0                        ; 0                        ; 0                        ; 0                        ; 0                        ; 0                        ; 0                        ; 0                        ; 0                        ; 0                        ; 0                        ; 0                        ; 0                        ; 0                        ; 0                        ; 0                        ; 0                        ; 0                        ; 0                        ; 0                        ; 0                        ; 0                        ; 0                        ; 1                        ; 0                        ; 0                        ; 0                        ; 0                        ; 0                        ; 0                        ; 0                        ; 0                        ; 0                        ; 0                        ; 1                        ;
; PS2_LCD_DATA_nn.00111000 ; 0                        ; 0                        ; 0                        ; 0                        ; 0                        ; 0                        ; 0                        ; 0                        ; 0                        ; 0                        ; 0                        ; 0                        ; 0                        ; 0                        ; 0                        ; 0                        ; 0                        ; 0                        ; 0                        ; 0                        ; 0                        ; 0                        ; 0                        ; 0                        ; 0                        ; 0                        ; 0                        ; 1                        ; 0                        ; 0                        ; 0                        ; 0                        ; 0                        ; 0                        ; 0                        ; 0                        ; 0                        ; 0                        ; 0                        ; 1                        ;
; PS2_LCD_DATA_nn.00111001 ; 0                        ; 0                        ; 0                        ; 0                        ; 0                        ; 0                        ; 0                        ; 0                        ; 0                        ; 0                        ; 0                        ; 0                        ; 0                        ; 0                        ; 0                        ; 0                        ; 0                        ; 0                        ; 0                        ; 0                        ; 0                        ; 0                        ; 0                        ; 0                        ; 0                        ; 0                        ; 1                        ; 0                        ; 0                        ; 0                        ; 0                        ; 0                        ; 0                        ; 0                        ; 0                        ; 0                        ; 0                        ; 0                        ; 0                        ; 1                        ;
; PS2_LCD_DATA_nn.01000001 ; 0                        ; 0                        ; 0                        ; 0                        ; 0                        ; 0                        ; 0                        ; 0                        ; 0                        ; 0                        ; 0                        ; 0                        ; 0                        ; 0                        ; 0                        ; 0                        ; 0                        ; 0                        ; 0                        ; 0                        ; 0                        ; 0                        ; 0                        ; 0                        ; 0                        ; 1                        ; 0                        ; 0                        ; 0                        ; 0                        ; 0                        ; 0                        ; 0                        ; 0                        ; 0                        ; 0                        ; 0                        ; 0                        ; 0                        ; 1                        ;
; PS2_LCD_DATA_nn.01000010 ; 0                        ; 0                        ; 0                        ; 0                        ; 0                        ; 0                        ; 0                        ; 0                        ; 0                        ; 0                        ; 0                        ; 0                        ; 0                        ; 0                        ; 0                        ; 0                        ; 0                        ; 0                        ; 0                        ; 0                        ; 0                        ; 0                        ; 0                        ; 0                        ; 1                        ; 0                        ; 0                        ; 0                        ; 0                        ; 0                        ; 0                        ; 0                        ; 0                        ; 0                        ; 0                        ; 0                        ; 0                        ; 0                        ; 0                        ; 1                        ;
; PS2_LCD_DATA_nn.01000011 ; 0                        ; 0                        ; 0                        ; 0                        ; 0                        ; 0                        ; 0                        ; 0                        ; 0                        ; 0                        ; 0                        ; 0                        ; 0                        ; 0                        ; 0                        ; 0                        ; 0                        ; 0                        ; 0                        ; 0                        ; 0                        ; 0                        ; 0                        ; 1                        ; 0                        ; 0                        ; 0                        ; 0                        ; 0                        ; 0                        ; 0                        ; 0                        ; 0                        ; 0                        ; 0                        ; 0                        ; 0                        ; 0                        ; 0                        ; 1                        ;
; PS2_LCD_DATA_nn.01000100 ; 0                        ; 0                        ; 0                        ; 0                        ; 0                        ; 0                        ; 0                        ; 0                        ; 0                        ; 0                        ; 0                        ; 0                        ; 0                        ; 0                        ; 0                        ; 0                        ; 0                        ; 0                        ; 0                        ; 0                        ; 0                        ; 0                        ; 1                        ; 0                        ; 0                        ; 0                        ; 0                        ; 0                        ; 0                        ; 0                        ; 0                        ; 0                        ; 0                        ; 0                        ; 0                        ; 0                        ; 0                        ; 0                        ; 0                        ; 1                        ;
; PS2_LCD_DATA_nn.01000101 ; 0                        ; 0                        ; 0                        ; 0                        ; 0                        ; 0                        ; 0                        ; 0                        ; 0                        ; 0                        ; 0                        ; 0                        ; 0                        ; 0                        ; 0                        ; 0                        ; 0                        ; 0                        ; 0                        ; 0                        ; 0                        ; 1                        ; 0                        ; 0                        ; 0                        ; 0                        ; 0                        ; 0                        ; 0                        ; 0                        ; 0                        ; 0                        ; 0                        ; 0                        ; 0                        ; 0                        ; 0                        ; 0                        ; 0                        ; 1                        ;
; PS2_LCD_DATA_nn.01000110 ; 0                        ; 0                        ; 0                        ; 0                        ; 0                        ; 0                        ; 0                        ; 0                        ; 0                        ; 0                        ; 0                        ; 0                        ; 0                        ; 0                        ; 0                        ; 0                        ; 0                        ; 0                        ; 0                        ; 0                        ; 1                        ; 0                        ; 0                        ; 0                        ; 0                        ; 0                        ; 0                        ; 0                        ; 0                        ; 0                        ; 0                        ; 0                        ; 0                        ; 0                        ; 0                        ; 0                        ; 0                        ; 0                        ; 0                        ; 1                        ;
; PS2_LCD_DATA_nn.01000111 ; 0                        ; 0                        ; 0                        ; 0                        ; 0                        ; 0                        ; 0                        ; 0                        ; 0                        ; 0                        ; 0                        ; 0                        ; 0                        ; 0                        ; 0                        ; 0                        ; 0                        ; 0                        ; 0                        ; 1                        ; 0                        ; 0                        ; 0                        ; 0                        ; 0                        ; 0                        ; 0                        ; 0                        ; 0                        ; 0                        ; 0                        ; 0                        ; 0                        ; 0                        ; 0                        ; 0                        ; 0                        ; 0                        ; 0                        ; 1                        ;
; PS2_LCD_DATA_nn.01001000 ; 0                        ; 0                        ; 0                        ; 0                        ; 0                        ; 0                        ; 0                        ; 0                        ; 0                        ; 0                        ; 0                        ; 0                        ; 0                        ; 0                        ; 0                        ; 0                        ; 0                        ; 0                        ; 1                        ; 0                        ; 0                        ; 0                        ; 0                        ; 0                        ; 0                        ; 0                        ; 0                        ; 0                        ; 0                        ; 0                        ; 0                        ; 0                        ; 0                        ; 0                        ; 0                        ; 0                        ; 0                        ; 0                        ; 0                        ; 1                        ;
; PS2_LCD_DATA_nn.01001001 ; 0                        ; 0                        ; 0                        ; 0                        ; 0                        ; 0                        ; 0                        ; 0                        ; 0                        ; 0                        ; 0                        ; 0                        ; 0                        ; 0                        ; 0                        ; 0                        ; 0                        ; 1                        ; 0                        ; 0                        ; 0                        ; 0                        ; 0                        ; 0                        ; 0                        ; 0                        ; 0                        ; 0                        ; 0                        ; 0                        ; 0                        ; 0                        ; 0                        ; 0                        ; 0                        ; 0                        ; 0                        ; 0                        ; 0                        ; 1                        ;
; PS2_LCD_DATA_nn.01001010 ; 0                        ; 0                        ; 0                        ; 0                        ; 0                        ; 0                        ; 0                        ; 0                        ; 0                        ; 0                        ; 0                        ; 0                        ; 0                        ; 0                        ; 0                        ; 0                        ; 1                        ; 0                        ; 0                        ; 0                        ; 0                        ; 0                        ; 0                        ; 0                        ; 0                        ; 0                        ; 0                        ; 0                        ; 0                        ; 0                        ; 0                        ; 0                        ; 0                        ; 0                        ; 0                        ; 0                        ; 0                        ; 0                        ; 0                        ; 1                        ;
; PS2_LCD_DATA_nn.01001011 ; 0                        ; 0                        ; 0                        ; 0                        ; 0                        ; 0                        ; 0                        ; 0                        ; 0                        ; 0                        ; 0                        ; 0                        ; 0                        ; 0                        ; 0                        ; 1                        ; 0                        ; 0                        ; 0                        ; 0                        ; 0                        ; 0                        ; 0                        ; 0                        ; 0                        ; 0                        ; 0                        ; 0                        ; 0                        ; 0                        ; 0                        ; 0                        ; 0                        ; 0                        ; 0                        ; 0                        ; 0                        ; 0                        ; 0                        ; 1                        ;
; PS2_LCD_DATA_nn.01001100 ; 0                        ; 0                        ; 0                        ; 0                        ; 0                        ; 0                        ; 0                        ; 0                        ; 0                        ; 0                        ; 0                        ; 0                        ; 0                        ; 0                        ; 1                        ; 0                        ; 0                        ; 0                        ; 0                        ; 0                        ; 0                        ; 0                        ; 0                        ; 0                        ; 0                        ; 0                        ; 0                        ; 0                        ; 0                        ; 0                        ; 0                        ; 0                        ; 0                        ; 0                        ; 0                        ; 0                        ; 0                        ; 0                        ; 0                        ; 1                        ;
; PS2_LCD_DATA_nn.01001101 ; 0                        ; 0                        ; 0                        ; 0                        ; 0                        ; 0                        ; 0                        ; 0                        ; 0                        ; 0                        ; 0                        ; 0                        ; 0                        ; 1                        ; 0                        ; 0                        ; 0                        ; 0                        ; 0                        ; 0                        ; 0                        ; 0                        ; 0                        ; 0                        ; 0                        ; 0                        ; 0                        ; 0                        ; 0                        ; 0                        ; 0                        ; 0                        ; 0                        ; 0                        ; 0                        ; 0                        ; 0                        ; 0                        ; 0                        ; 1                        ;
; PS2_LCD_DATA_nn.01001110 ; 0                        ; 0                        ; 0                        ; 0                        ; 0                        ; 0                        ; 0                        ; 0                        ; 0                        ; 0                        ; 0                        ; 0                        ; 1                        ; 0                        ; 0                        ; 0                        ; 0                        ; 0                        ; 0                        ; 0                        ; 0                        ; 0                        ; 0                        ; 0                        ; 0                        ; 0                        ; 0                        ; 0                        ; 0                        ; 0                        ; 0                        ; 0                        ; 0                        ; 0                        ; 0                        ; 0                        ; 0                        ; 0                        ; 0                        ; 1                        ;
; PS2_LCD_DATA_nn.01001111 ; 0                        ; 0                        ; 0                        ; 0                        ; 0                        ; 0                        ; 0                        ; 0                        ; 0                        ; 0                        ; 0                        ; 1                        ; 0                        ; 0                        ; 0                        ; 0                        ; 0                        ; 0                        ; 0                        ; 0                        ; 0                        ; 0                        ; 0                        ; 0                        ; 0                        ; 0                        ; 0                        ; 0                        ; 0                        ; 0                        ; 0                        ; 0                        ; 0                        ; 0                        ; 0                        ; 0                        ; 0                        ; 0                        ; 0                        ; 1                        ;
; PS2_LCD_DATA_nn.01010000 ; 0                        ; 0                        ; 0                        ; 0                        ; 0                        ; 0                        ; 0                        ; 0                        ; 0                        ; 0                        ; 1                        ; 0                        ; 0                        ; 0                        ; 0                        ; 0                        ; 0                        ; 0                        ; 0                        ; 0                        ; 0                        ; 0                        ; 0                        ; 0                        ; 0                        ; 0                        ; 0                        ; 0                        ; 0                        ; 0                        ; 0                        ; 0                        ; 0                        ; 0                        ; 0                        ; 0                        ; 0                        ; 0                        ; 0                        ; 1                        ;
; PS2_LCD_DATA_nn.01010001 ; 0                        ; 0                        ; 0                        ; 0                        ; 0                        ; 0                        ; 0                        ; 0                        ; 0                        ; 1                        ; 0                        ; 0                        ; 0                        ; 0                        ; 0                        ; 0                        ; 0                        ; 0                        ; 0                        ; 0                        ; 0                        ; 0                        ; 0                        ; 0                        ; 0                        ; 0                        ; 0                        ; 0                        ; 0                        ; 0                        ; 0                        ; 0                        ; 0                        ; 0                        ; 0                        ; 0                        ; 0                        ; 0                        ; 0                        ; 1                        ;
; PS2_LCD_DATA_nn.01010010 ; 0                        ; 0                        ; 0                        ; 0                        ; 0                        ; 0                        ; 0                        ; 0                        ; 1                        ; 0                        ; 0                        ; 0                        ; 0                        ; 0                        ; 0                        ; 0                        ; 0                        ; 0                        ; 0                        ; 0                        ; 0                        ; 0                        ; 0                        ; 0                        ; 0                        ; 0                        ; 0                        ; 0                        ; 0                        ; 0                        ; 0                        ; 0                        ; 0                        ; 0                        ; 0                        ; 0                        ; 0                        ; 0                        ; 0                        ; 1                        ;
; PS2_LCD_DATA_nn.01010011 ; 0                        ; 0                        ; 0                        ; 0                        ; 0                        ; 0                        ; 0                        ; 1                        ; 0                        ; 0                        ; 0                        ; 0                        ; 0                        ; 0                        ; 0                        ; 0                        ; 0                        ; 0                        ; 0                        ; 0                        ; 0                        ; 0                        ; 0                        ; 0                        ; 0                        ; 0                        ; 0                        ; 0                        ; 0                        ; 0                        ; 0                        ; 0                        ; 0                        ; 0                        ; 0                        ; 0                        ; 0                        ; 0                        ; 0                        ; 1                        ;
; PS2_LCD_DATA_nn.01010100 ; 0                        ; 0                        ; 0                        ; 0                        ; 0                        ; 0                        ; 1                        ; 0                        ; 0                        ; 0                        ; 0                        ; 0                        ; 0                        ; 0                        ; 0                        ; 0                        ; 0                        ; 0                        ; 0                        ; 0                        ; 0                        ; 0                        ; 0                        ; 0                        ; 0                        ; 0                        ; 0                        ; 0                        ; 0                        ; 0                        ; 0                        ; 0                        ; 0                        ; 0                        ; 0                        ; 0                        ; 0                        ; 0                        ; 0                        ; 1                        ;
; PS2_LCD_DATA_nn.01010101 ; 0                        ; 0                        ; 0                        ; 0                        ; 0                        ; 1                        ; 0                        ; 0                        ; 0                        ; 0                        ; 0                        ; 0                        ; 0                        ; 0                        ; 0                        ; 0                        ; 0                        ; 0                        ; 0                        ; 0                        ; 0                        ; 0                        ; 0                        ; 0                        ; 0                        ; 0                        ; 0                        ; 0                        ; 0                        ; 0                        ; 0                        ; 0                        ; 0                        ; 0                        ; 0                        ; 0                        ; 0                        ; 0                        ; 0                        ; 1                        ;
; PS2_LCD_DATA_nn.01010110 ; 0                        ; 0                        ; 0                        ; 0                        ; 1                        ; 0                        ; 0                        ; 0                        ; 0                        ; 0                        ; 0                        ; 0                        ; 0                        ; 0                        ; 0                        ; 0                        ; 0                        ; 0                        ; 0                        ; 0                        ; 0                        ; 0                        ; 0                        ; 0                        ; 0                        ; 0                        ; 0                        ; 0                        ; 0                        ; 0                        ; 0                        ; 0                        ; 0                        ; 0                        ; 0                        ; 0                        ; 0                        ; 0                        ; 0                        ; 1                        ;
; PS2_LCD_DATA_nn.01010111 ; 0                        ; 0                        ; 0                        ; 1                        ; 0                        ; 0                        ; 0                        ; 0                        ; 0                        ; 0                        ; 0                        ; 0                        ; 0                        ; 0                        ; 0                        ; 0                        ; 0                        ; 0                        ; 0                        ; 0                        ; 0                        ; 0                        ; 0                        ; 0                        ; 0                        ; 0                        ; 0                        ; 0                        ; 0                        ; 0                        ; 0                        ; 0                        ; 0                        ; 0                        ; 0                        ; 0                        ; 0                        ; 0                        ; 0                        ; 1                        ;
; PS2_LCD_DATA_nn.01011000 ; 0                        ; 0                        ; 1                        ; 0                        ; 0                        ; 0                        ; 0                        ; 0                        ; 0                        ; 0                        ; 0                        ; 0                        ; 0                        ; 0                        ; 0                        ; 0                        ; 0                        ; 0                        ; 0                        ; 0                        ; 0                        ; 0                        ; 0                        ; 0                        ; 0                        ; 0                        ; 0                        ; 0                        ; 0                        ; 0                        ; 0                        ; 0                        ; 0                        ; 0                        ; 0                        ; 0                        ; 0                        ; 0                        ; 0                        ; 1                        ;
; PS2_LCD_DATA_nn.01011001 ; 0                        ; 1                        ; 0                        ; 0                        ; 0                        ; 0                        ; 0                        ; 0                        ; 0                        ; 0                        ; 0                        ; 0                        ; 0                        ; 0                        ; 0                        ; 0                        ; 0                        ; 0                        ; 0                        ; 0                        ; 0                        ; 0                        ; 0                        ; 0                        ; 0                        ; 0                        ; 0                        ; 0                        ; 0                        ; 0                        ; 0                        ; 0                        ; 0                        ; 0                        ; 0                        ; 0                        ; 0                        ; 0                        ; 0                        ; 1                        ;
; PS2_LCD_DATA_nn.01011010 ; 1                        ; 0                        ; 0                        ; 0                        ; 0                        ; 0                        ; 0                        ; 0                        ; 0                        ; 0                        ; 0                        ; 0                        ; 0                        ; 0                        ; 0                        ; 0                        ; 0                        ; 0                        ; 0                        ; 0                        ; 0                        ; 0                        ; 0                        ; 0                        ; 0                        ; 0                        ; 0                        ; 0                        ; 0                        ; 0                        ; 0                        ; 0                        ; 0                        ; 0                        ; 0                        ; 0                        ; 0                        ; 0                        ; 0                        ; 1                        ;
+--------------------------+--------------------------+--------------------------+--------------------------+--------------------------+--------------------------+--------------------------+--------------------------+--------------------------+--------------------------+--------------------------+--------------------------+--------------------------+--------------------------+--------------------------+--------------------------+--------------------------+--------------------------+--------------------------+--------------------------+--------------------------+--------------------------+--------------------------+--------------------------+--------------------------+--------------------------+--------------------------+--------------------------+--------------------------+--------------------------+--------------------------+--------------------------+--------------------------+--------------------------+--------------------------+--------------------------+--------------------------+--------------------------+--------------------------+--------------------------+--------------------------+


Encoding Type:  One-Hot
+---------------------------------------------------------------------------------------------------------------------------------------------------------------+
; State Machine - |ps2_lcd1602|LCD_1602:LCD_1602_Init|state                                                                                                     ;
+----------------+------------+------------+-------------+-------------+----------------+-------------+---------------+------------+--------------+-------------+
; Name           ; state.IDLE ; state.STOP ; state.WRITE ; state.DDRAM ; state.FUNCTION ; state.SHIFT ; state.DISPLAY ; state.MODE ; state.RETURN ; state.CLEAR ;
+----------------+------------+------------+-------------+-------------+----------------+-------------+---------------+------------+--------------+-------------+
; state.IDLE     ; 0          ; 0          ; 0           ; 0           ; 0              ; 0           ; 0             ; 0          ; 0            ; 0           ;
; state.CLEAR    ; 1          ; 0          ; 0           ; 0           ; 0              ; 0           ; 0             ; 0          ; 0            ; 1           ;
; state.RETURN   ; 1          ; 0          ; 0           ; 0           ; 0              ; 0           ; 0             ; 0          ; 1            ; 0           ;
; state.MODE     ; 1          ; 0          ; 0           ; 0           ; 0              ; 0           ; 0             ; 1          ; 0            ; 0           ;
; state.DISPLAY  ; 1          ; 0          ; 0           ; 0           ; 0              ; 0           ; 1             ; 0          ; 0            ; 0           ;
; state.SHIFT    ; 1          ; 0          ; 0           ; 0           ; 0              ; 1           ; 0             ; 0          ; 0            ; 0           ;
; state.FUNCTION ; 1          ; 0          ; 0           ; 0           ; 1              ; 0           ; 0             ; 0          ; 0            ; 0           ;
; state.DDRAM    ; 1          ; 0          ; 0           ; 1           ; 0              ; 0           ; 0             ; 0          ; 0            ; 0           ;
; state.WRITE    ; 1          ; 0          ; 1           ; 0           ; 0              ; 0           ; 0             ; 0          ; 0            ; 0           ;
; state.STOP     ; 1          ; 1          ; 0           ; 0           ; 0              ; 0           ; 0             ; 0          ; 0            ; 0           ;
+----------------+------------+------------+-------------+-------------+----------------+-------------+---------------+------------+--------------+-------------+


+--------------------------------------------------------------------------------------------------+
; Registers Removed During Synthesis                                                               ;
+-------------------------------------------------+------------------------------------------------+
; Register name                                   ; Reason for Removal                             ;
+-------------------------------------------------+------------------------------------------------+
; Ps2_Module:Ps2_Init|o_ps2_data[13..14]          ; Merged with Ps2_Module:Ps2_Init|o_ps2_data[15] ;
; Ps2_Module:Ps2_Init|o_ps2_data[8..11]           ; Merged with Ps2_Module:Ps2_Init|o_ps2_data[12] ;
; Ps2_Module:Ps2_Init|o_ps2_data[12]              ; Stuck at GND due to stuck port data_in         ;
; LCD_1602:LCD_1602_Init|PS2_LCD_DATA_nn.00100000 ; Lost fanout                                    ;
; LCD_1602:LCD_1602_Init|PS2_LCD_DATA_nn~10       ; Lost fanout                                    ;
; LCD_1602:LCD_1602_Init|PS2_LCD_DATA_nn~11       ; Lost fanout                                    ;
; LCD_1602:LCD_1602_Init|PS2_LCD_DATA_nn~12       ; Lost fanout                                    ;
; LCD_1602:LCD_1602_Init|PS2_LCD_DATA_nn~13       ; Lost fanout                                    ;
; LCD_1602:LCD_1602_Init|PS2_LCD_DATA_nn~14       ; Lost fanout                                    ;
; LCD_1602:LCD_1602_Init|PS2_LCD_DATA_nn~15       ; Lost fanout                                    ;
; LCD_1602:LCD_1602_Init|PS2_LCD_DATA_nn~16       ; Lost fanout                                    ;
; LCD_1602:LCD_1602_Init|PS2_LCD_DATA_nn~17       ; Lost fanout                                    ;
; LCD_1602:LCD_1602_Init|state~31                 ; Lost fanout                                    ;
; LCD_1602:LCD_1602_Init|state.STOP               ; Stuck at GND due to stuck port data_in         ;
; LCD_1602:LCD_1602_Init|PS2_LCD_DATA_nn.00000000 ; Merged with LCD_1602:LCD_1602_Init|state.IDLE  ;
; Total Number of Removed Registers = 19          ;                                                ;
+-------------------------------------------------+------------------------------------------------+


+------------------------------------------------------+
; General Register Statistics                          ;
+----------------------------------------------+-------+
; Statistic                                    ; Value ;
+----------------------------------------------+-------+
; Total registers                              ; 179   ;
; Number of registers using Synchronous Clear  ; 26    ;
; Number of registers using Synchronous Load   ; 13    ;
; Number of registers using Asynchronous Clear ; 171   ;
; Number of registers using Asynchronous Load  ; 0     ;
; Number of registers using Clock Enable       ; 56    ;
; Number of registers using Preset             ; 0     ;
+----------------------------------------------+-------+


+--------------------------------------------------+
; Inverted Register Statistics                     ;
+----------------------------------------+---------+
; Inverted Register                      ; Fan out ;
+----------------------------------------+---------+
; Ps2_Module:Ps2_Init|detect_edge[0]     ; 2       ;
; Ps2_Module:Ps2_Init|detect_edge[1]     ; 1       ;
; Total number of inverted registers = 2 ;         ;
+----------------------------------------+---------+


+-----------------------------------------------------------------------------------------------------------------------------------------------------------------+
; Multiplexer Restructuring Statistics (Restructuring Performed)                                                                                                  ;
+--------------------+-----------+---------------+----------------------+------------------------+------------+---------------------------------------------------+
; Multiplexer Inputs ; Bus Width ; Baseline Area ; Area if Restructured ; Saving if Restructured ; Registered ; Example Multiplexer Output                        ;
+--------------------+-----------+---------------+----------------------+------------------------+------------+---------------------------------------------------+
; 6:1                ; 5 bits    ; 20 LEs        ; 5 LEs                ; 15 LEs                 ; Yes        ; |ps2_lcd1602|LCD_1602:LCD_1602_Init|char_count[4] ;
; 256:1              ; 16 bits   ; 2720 LEs      ; 96 LEs               ; 2624 LEs               ; Yes        ; |ps2_lcd1602|Beep_Module:Beep_Init|freq[15]       ;
+--------------------+-----------+---------------+----------------------+------------------------+------------+---------------------------------------------------+


+---------------------------------------------------------------------+
; Parameter Settings for User Entity Instance: LCD_1602:LCD_1602_Init ;
+----------------+------------+---------------------------------------+
; Parameter Name ; Value      ; Type                                  ;
+----------------+------------+---------------------------------------+
; IDLE           ; 0000000000 ; Unsigned Binary                       ;
; CLEAR          ; 0000000001 ; Unsigned Binary                       ;
; RETURN         ; 0000000010 ; Unsigned Binary                       ;
; MODE           ; 0000000100 ; Unsigned Binary                       ;
; DISPLAY        ; 0000001000 ; Unsigned Binary                       ;
; SHIFT          ; 0000010000 ; Unsigned Binary                       ;
; FUNCTION       ; 0000100000 ; Unsigned Binary                       ;
; CGRAM          ; 0001000000 ; Unsigned Binary                       ;
; DDRAM          ; 0010000000 ; Unsigned Binary                       ;
; WRITE          ; 0100000000 ; Unsigned Binary                       ;
; STOP           ; 1000000000 ; Unsigned Binary                       ;
+----------------+------------+---------------------------------------+
Note: In order to hide this table in the UI and the text report file, please set the "Show Parameter Settings Tables in Synthesis Report" option in "Analysis and Synthesis Settings -> More Settings" to "Off".


+-------------------------------------------------------------------------------------------------------------------------------------------------------------------------------------------------------------+
; Port Connectivity Checks: "Beep_Module:Beep_Init"                                                                                                                                                           ;
+------+-------+----------+-----------------------------------------------------------------------------------------------------------------------------------------------------------------------------------+
; Port ; Type  ; Severity ; Details                                                                                                                                                                           ;
+------+-------+----------+-----------------------------------------------------------------------------------------------------------------------------------------------------------------------------------+
; KEY  ; Input ; Warning  ; Input port expression (16 bits) is wider than the input port (8 bits) it drives.  The 8 most-significant bit(s) in the expression will be dangling if they have no other fanouts. ;
+------+-------+----------+-----------------------------------------------------------------------------------------------------------------------------------------------------------------------------------+


+-------------------------------+
; Analysis & Synthesis Messages ;
+-------------------------------+
Info: *******************************************************************
Info: Running Quartus II Analysis & Synthesis
    Info: Version 9.0 Build 132 02/25/2009 SJ Full Version
    Info: Processing started: Sun Feb 20 19:37:50 2011
Info: Command: quartus_map --read_settings_files=on --write_settings_files=off ps2_lcd1602 -c ps2_lcd1602
Info: Found 1 design units, including 1 entities, in source file ps2_lcd1602.v
    Info: Found entity 1: ps2_lcd1602
Info: Found 1 design units, including 1 entities, in source file lcd1602.v
    Info: Found entity 1: LCD_1602
Info: Found 1 design units, including 1 entities, in source file ps2_module.v
    Info: Found entity 1: Ps2_Module
Info: Found 1 design units, including 1 entities, in source file beep_mocule.v
    Info: Found entity 1: Beep_Module
Info: Elaborating entity "ps2_lcd1602" for the top level hierarchy
Info: Elaborating entity "Ps2_Module" for hierarchy "Ps2_Module:Ps2_Init"
Info: Elaborating entity "LCD_1602" for hierarchy "LCD_1602:LCD_1602_Init"
Warning (10036): Verilog HDL or VHDL warning at lcd1602.v(101): object "LcdBuf" assigned a value but never read
Warning (10036): Verilog HDL or VHDL warning at lcd1602.v(102): object "Flash_count" assigned a value but never read
Warning (10240): Verilog HDL Always Construct warning at lcd1602.v(65): inferring latch(es) for variable "CLOCK_1s", which holds its previous value in one or more paths through the always construct
Warning (10230): Verilog HDL assignment warning at lcd1602.v(179): truncated value with size 32 to match size of target (8)
Warning (10272): Verilog HDL Case Statement warning at lcd1602.v(268): case item expression covers a value already covered by a previous case item
Warning (10034): Output port "LCD_RW" at lcd1602.v(20) has no driver
Info: Elaborating entity "Beep_Module" for hierarchy "Beep_Module:Beep_Init"
Warning: 1 hierarchies have connectivity warnings - see the Connectivity Checks report folder
Info: Registers with preset signals will power-up high
Info: DEV_CLRn pin will set, and not reset, register with preset signal due to NOT Gate Push-Back
Warning: Output pins are stuck at VCC or GND
    Warning (13410): Pin "LCD_RW" is stuck at GND
Info: 10 registers lost all their fanouts during netlist optimizations. The first 10 are displayed below.
    Info: Register "LCD_1602:LCD_1602_Init|PS2_LCD_DATA_nn.00100000" lost all its fanouts during netlist optimizations.
    Info: Register "LCD_1602:LCD_1602_Init|PS2_LCD_DATA_nn~10" lost all its fanouts during netlist optimizations.
    Info: Register "LCD_1602:LCD_1602_Init|PS2_LCD_DATA_nn~11" lost all its fanouts during netlist optimizations.
    Info: Register "LCD_1602:LCD_1602_Init|PS2_LCD_DATA_nn~12" lost all its fanouts during netlist optimizations.
    Info: Register "LCD_1602:LCD_1602_Init|PS2_LCD_DATA_nn~13" lost all its fanouts during netlist optimizations.
    Info: Register "LCD_1602:LCD_1602_Init|PS2_LCD_DATA_nn~14" lost all its fanouts during netlist optimizations.
    Info: Register "LCD_1602:LCD_1602_Init|PS2_LCD_DATA_nn~15" lost all its fanouts during netlist optimizations.
    Info: Register "LCD_1602:LCD_1602_Init|PS2_LCD_DATA_nn~16" lost all its fanouts during netlist optimizations.
    Info: Register "LCD_1602:LCD_1602_Init|PS2_LCD_DATA_nn~17" lost all its fanouts during netlist optimizations.
    Info: Register "LCD_1602:LCD_1602_Init|state~31" lost all its fanouts during netlist optimizations.
Info: Implemented 424 device resources after synthesis - the final resource count might be different
    Info: Implemented 4 input pins
    Info: Implemented 12 output pins
    Info: Implemented 408 logic cells
Info: Quartus II Analysis & Synthesis was successful. 0 errors, 9 warnings
    Info: Peak virtual memory: 178 megabytes
    Info: Processing ended: Sun Feb 20 19:37:53 2011
    Info: Elapsed time: 00:00:03
    Info: Total CPU time (on all processors): 00:00:03


