Flow report for ps2_lcd1602
Sun Feb 20 19:38:03 2011
Quartus II Version 9.0 Build 132 02/25/2009 SJ Full Version


---------------------
; Table of Contents ;
---------------------
  1. Legal Notice
  2. Flow Summary
  3. Flow Settings
  4. Flow Non-Default Global Settings
  5. Flow Elapsed Time
  6. Flow OS Summary
  7. Flow Log



----------------
; Legal Notice ;
----------------
Copyright (C) 1991-2009 Altera Corporation
Your use of Altera Corporation's design tools, logic functions 
and other software and tools, and its AMPP partner logic 
functions, and any output files from any of the foregoing 
(including device programming or simulation files), and any 
associated documentation or information are expressly subject 
to the terms and conditions of the Altera Program License 
Subscription Agreement, Altera MegaCore Function License 
Agreement, or other applicable license agreement, including, 
without limitation, that your use is for the sole purpose of 
programming logic devices manufactured by Altera and sold by 
Altera or its authorized distributors.  Please refer to the 
applicable agreement for further details.



+-------------------------------------------------------------------------------+
; Flow Summary                                                                  ;
+------------------------------------+------------------------------------------+
; Flow Status                        ; Successful - Sun Feb 20 19:38:03 2011    ;
; Quartus II Version                 ; 9.0 Build 132 02/25/2009 SJ Full Version ;
; Revision Name                      ; ps2_lcd1602                              ;
; Top-level Entity Name              ; ps2_lcd1602                              ;
; Family                             ; Cyclone II                               ;
; Device                             ; EP2C5T144C6                              ;
; Timing Models                      ; Final                                    ;
; Met timing requirements            ; No                                       ;
; Total logic elements               ; 336 / 4,608 ( 7 % )                      ;
;     Total combinational functions  ; 313 / 4,608 ( 7 % )                      ;
;     Dedicated logic registers      ; 179 / 4,608 ( 4 % )                      ;
; Total registers                    ; 179                                      ;
; Total pins                         ; 16 / 89 ( 18 % )                         ;
; Total virtual pins                 ; 0                                        ;
; Total memory bits                  ; 0 / 119,808 ( 0 % )                      ;
; Embedded Multiplier 9-bit elements ; 0 / 26 ( 0 % )                           ;
; Total PLLs                         ; 0 / 2 ( 0 % )                            ;
+------------------------------------+------------------------------------------+


+-----------------------------------------+
; Flow Settings                           ;
+-------------------+---------------------+
; Option            ; Setting             ;
+-------------------+---------------------+
; Start date & time ; 02/20/2011 19:37:50 ;
; Main task         ; Compilation         ;
; Revision Name     ; ps2_lcd1602         ;
+-------------------+---------------------+


+------------------------------------------------------------------------------------------------------------------------------------------------------------+
; Flow Non-Default Global Settings                                                                                                                           ;
+------------------------------------+------------------------------------------------------------------------+---------------+-------------+----------------+
; Assignment Name                    ; Value                                                                  ; Default Value ; Entity Name ; Section Id     ;
+------------------------------------+------------------------------------------------------------------------+---------------+-------------+----------------+
; COMPILER_SIGNATURE_ID              ; 260208106451583.129820187003072                                        ; --            ; --          ; --             ;
; MAX_CORE_JUNCTION_TEMP             ; 85                                                                     ; --            ; --          ; --             ;
; MIN_CORE_JUNCTION_TEMP             ; 0                                                                      ; --            ; --          ; --             ;
; MISC_FILE                          ; C:/Documents and Settings/Administrator/×ÀÃæ/EXP/ps2_lcd1602.dpf       ; --            ; --          ; --             ;
; MISC_FILE                          ; C:/Documents and Settings/Administrator/×ÀÃæ/www/ps222/ps2_lcd1602.dpf ; --            ; --          ; --             ;
; PARTITION_COLOR                    ; 16764057                                                               ; --            ; --          ; Top            ;
; PARTITION_NETLIST_TYPE             ; SOURCE                                                                 ; --            ; --          ; Top            ;
; USE_GENERATED_PHYSICAL_CONSTRAINTS ; Off                                                                    ; --            ; --          ; eda_blast_fpga ;
+------------------------------------+------------------------------------------------------------------------+---------------+-------------+----------------+


+-----------------------------------------------------------------------------------------------------------------------------+
; Flow Elapsed Time                                                                                                           ;
+-------------------------+--------------+-------------------------+---------------------+------------------------------------+
; Module Name             ; Elapsed Time ; Average Processors Used ; Peak Virtual Memory ; Total CPU Time (on all processors) ;
+-------------------------+--------------+-------------------------+---------------------+------------------------------------+
; Analysis & Synthesis    ; 00:00:03     ; 1.0                     ; 178 MB              ; 00:00:03                           ;
; Fitter                  ; 00:00:04     ; 1.0                     ; 192 MB              ; 00:00:02                           ;
; Assembler               ; 00:00:02     ; 1.0                     ; 158 MB              ; 00:00:02                           ;
; Classic Timing Analyzer ; 00:00:01     ; 1.0                     ; 125 MB              ; 00:00:01                           ;
; Total                   ; 00:00:10     ; --                      ; --                  ; 00:00:08                           ;
+-------------------------+--------------+-------------------------+---------------------+------------------------------------+


+---------------------------------------------------------------------------------------+
; Flow OS Summary                                                                       ;
+-------------------------+------------------+------------+------------+----------------+
; Module Name             ; Machine Hostname ; OS Name    ; OS Version ; Processor type ;
+-------------------------+------------------+------------+------------+----------------+
; Analysis & Synthesis    ; 608-H5           ; Windows XP ; 5.1        ; i686           ;
; Fitter                  ; 608-H5           ; Windows XP ; 5.1        ; i686           ;
; Assembler               ; 608-H5           ; Windows XP ; 5.1        ; i686           ;
; Classic Timing Analyzer ; 608-H5           ; Windows XP ; 5.1        ; i686           ;
+-------------------------+------------------+------------+------------+----------------+


------------
; Flow Log ;
------------
quartus_map --read_settings_files=on --write_settings_files=off ps2_lcd1602 -c ps2_lcd1602
quartus_fit --read_settings_files=off --write_settings_files=off ps2_lcd1602 -c ps2_lcd1602
quartus_asm --read_settings_files=off --write_settings_files=off ps2_lcd1602 -c ps2_lcd1602
quartus_tan --read_settings_files=off --write_settings_files=off ps2_lcd1602 -c ps2_lcd1602 --timing_analysis_only



