C51 COMPILER V9.52.0.0   IIC                                                               09/12/2018 08:44:56 PAGE 1   


C51 COMPILER V9.52.0.0, COMPILATION OF MODULE IIC
OBJECT MODULE PLACED IN .\Objects\IIC.obj
COMPILER INVOKED BY: C:\Keil\C51\BIN\C51.EXE ..\SYSTEM\IIC.c BROWSE INCDIR(..\SYSTEM;..\HARDWARE;..\USER) DEBUG OBJECTEX
                    -TEND PRINT(.\Listings\IIC.lst) TABS(2) OBJECT(.\Objects\IIC.obj)

line level    source

   1          #include  "IIC.h"
   2          #include  "intrins.h"
   3          #include  <STC15F2K60S2.h>
   4          #include  "Serial.h"


MODULE INFORMATION:   STATIC OVERLAYABLE
   CODE SIZE        =   ----    ----
   CONSTANT SIZE    =   ----    ----
   XDATA SIZE       =   ----    ----
   PDATA SIZE       =   ----    ----
   DATA SIZE        =   ----    ----
   IDATA SIZE       =   ----    ----
   BIT SIZE         =   ----    ----
END OF MODULE INFORMATION.


C51 COMPILATION COMPLETE.  0 WARNING(S),  0 ERROR(S)
