Removed Pin From Net: NetName=P07 Pin=REAPACK0-2
Removed Pin From Net: NetName=P06 Pin=REAPACK0-3
Removed Pin From Net: NetName=P05 Pin=REAPACK0-4
Removed Pin From Net: NetName=P04 Pin=REAPACK0-5
Removed Pin From Net: NetName=P03 Pin=REAPACK0-6
Removed Pin From Net: NetName=P02 Pin=REAPACK0-7
Removed Pin From Net: NetName=P01 Pin=REAPACK0-8
Removed Pin From Net: NetName=P00 Pin=REAPACK0-9
Removed Pin From Net: NetName=P27 Pin=REAPACK2-2
Removed Pin From Net: NetName=P26 Pin=REAPACK2-3
Removed Pin From Net: NetName=P25 Pin=REAPACK2-4
Removed Pin From Net: NetName=P24 Pin=REAPACK2-5
Removed Pin From Net: NetName=P23 Pin=REAPACK2-6
Removed Pin From Net: NetName=P22 Pin=REAPACK2-7
Removed Pin From Net: NetName=P21 Pin=REAPACK2-8
Added Pin To Net: NetName=P00 Pin=REAPACK0-2
Added Pin To Net: NetName=P01 Pin=REAPACK0-3
Added Pin To Net: NetName=P02 Pin=REAPACK0-4
Added Pin To Net: NetName=P03 Pin=REAPACK0-5
Added Pin To Net: NetName=P04 Pin=REAPACK0-6
Added Pin To Net: NetName=P05 Pin=REAPACK0-7
Added Pin To Net: NetName=P06 Pin=REAPACK0-8
Added Pin To Net: NetName=P07 Pin=REAPACK0-9
Added Pin To Net: NetName=P21 Pin=REAPACK2-3
Added Pin To Net: NetName=P22 Pin=REAPACK2-4
Added Pin To Net: NetName=P23 Pin=REAPACK2-5
Added Pin To Net: NetName=P24 Pin=REAPACK2-6
Added Pin To Net: NetName=P25 Pin=REAPACK2-7
Added Pin To Net: NetName=P26 Pin=REAPACK2-8
Added Pin To Net: NetName=P27 Pin=REAPACK2-9
Added Pin To Net: NetName=NetREAPACK2_2 Pin=REAPACK2-2
Added Pin To Net: NetName=NetREAPACK2_2 Pin=U1-21
Added Net: Name=NetREAPACK2_2
