C51 COMPILER V9.57.0.0   SERIAL                                                            03/22/2019 10:51:37 PAGE 1   


C51 COMPILER V9.57.0.0, COMPILATION OF MODULE SERIAL
OBJECT MODULE PLACED IN .\Objects\Serial.obj
COMPILER INVOKED BY: D:\KEIL\ARM\C51\BIN\C51.EXE ..\SYSTEM\Serial.c OPTIMIZE(8,SPEED) BROWSE INCDIR(..\SYSTEM;..\HARDWAR
                    -E;..\USER) DEBUG OBJECTEXTEND PRINT(.\Listings\Serial.lst) TABS(2) OBJECT(.\Objects\Serial.obj)

line level    source

   1          #include  "Serial.h"
   2          
   3          bit bS1TrBusy;//串口发送忙标志
   4          bit bS1Rec,uart_flag;//串口接收到数据标志
   5          unsigned char cS1Rec[7]={0};//串口接收到字符
   6          unsigned char sum2;
   7          sbit LED=P5^5;
   8          unsigned int sum;
   9          unsigned char count=1;
  10          
  11          void Uart1Init(void)    //115200bps@24MHz,T1作定时器
  12          {
  13   1        SCON = 0x50;    //8位数据,可变波特率
  14   1        AUXR |= 0x40;   //定时器1时钟为Fosc,即1T
  15   1        AUXR &= 0xFE;   //串口1选择定时器1为波特率发生器
  16   1        TMOD &= 0x0F;   //设定定时器1为16位自动重装方式
  17   1        TL1 = 0xCC;   //设定定时初值
  18   1        TH1 = 0xFF;   //设定定时初值
  19   1        ET1 = 0;    //禁止定时器1中断
  20   1        TR1 = 1;    //启动定时器1
  21   1        
  22   1        ES=1;           //使能串口1中断
  23   1        EA = 1; 
  24   1      }
  25          
  26          
  27          
  28          /*----------------------------
  29          UART 中断服务程序
  30          -----------------------------*/ 
  31          void Uart1Interrupt() interrupt 4 using 1
  32          {
  33   1        
  34   1        if(RI)
  35   1        {
  36   2          RI=0;
  37   2          cS1Rec[count]=SBUF;
  38   2      
  39   2          if(count==1&&cS1Rec[count]==0xAA)           //帧头共五个字节
  40   2          {
  41   3            count=2;
  42   3            sum=0xAA;
  43   3          }
  44   2          
  45   2          else if(count==2&&cS1Rec[count]==0x05)
  46   2          {
  47   3            count=3;
  48   3            sum+=0x05;
  49   3          }
  50   2          
  51   2          else if(count==3&&cS1Rec[count]==0xAF)
  52   2          {
  53   3            count=4;
  54   3            sum+=0xAF;
C51 COMPILER V9.57.0.0   SERIAL                                                            03/22/2019 10:51:37 PAGE 2   

  55   3          }
  56   2          
  57   2          else if(count==4&&cS1Rec[count]==0xF1)
  58   2          {
  59   3            count=5;
  60   3            sum+=0xF1;
  61   3          }
  62   2          
  63   2          else if(count==5&&cS1Rec[count]==0x01)
  64   2          {
  65   3            count=6;
  66   3            sum+=0x01;                                
  67   3          }
  68   2          
  69   2          else if(count==6)             //数据，一个字节
  70   2          {
  71   3            count++;
  72   3            sum+=cS1Rec[count];   //校验和
  73   3            sum2=sum&0xff;//取低8位
  74   3          }
  75   2          
  76   2          else if(count==7&&sum2==cS1Rec[7])   //若校验无误
  77   2          {
  78   3            //ES=0;            //关闭串口，使用数据结束后重新打开
  79   3            uart_flag=1;     //一帧传输结束后置标志位为1
  80   3            count=1;         //计数置一，重新开始
  81   3          }
  82   2          
  83   2          else              //若不正确，计数清零
  84   2          {
  85   3            count=1;
  86   3          }
  87   2        }
  88   1          
  89   1          if(TI)
  90   1          {
  91   2            TI=0;         //清除TI位
  92   2            bS1TrBusy=0; //清忙标志
  93   2          }
  94   1      
  95   1      }
  96          
  97          
  98          /*----------------------------
  99          发送串口数据
 100          ----------------------------*/
 101          void S1SendData(unsigned char dat)
 102          {
 103   1          while (bS1TrBusy);//等待前面的数据发送完成
 104   1          bS1TrBusy = 1;
 105   1          SBUF = dat;                 //写数据到UART数据寄存器
 106   1      }
 107          
 108          
 109          /*----------------------------
 110          发送字符串
 111          ----------------------------*/
 112          void S1SendString(unsigned char *s)
 113          {
 114   1          while (*s)                  //检测字符串结束标志
 115   1          {
 116   2              S1SendData(*s++);         //发送当前字符
C51 COMPILER V9.57.0.0   SERIAL                                                            03/22/2019 10:51:37 PAGE 3   

 117   2          }
 118   1      }


MODULE INFORMATION:   STATIC OVERLAYABLE
   CODE SIZE        =    261    ----
   CONSTANT SIZE    =   ----    ----
   XDATA SIZE       =   ----    ----
   PDATA SIZE       =   ----    ----
   DATA SIZE        =     11       3
   IDATA SIZE       =   ----    ----
   BIT SIZE         =      3    ----
END OF MODULE INFORMATION.


C51 COMPILATION COMPLETE.  0 WARNING(S),  0 ERROR(S)
