C51 COMPILER V9.57.0.0   AD                                                                12/29/2018 11:46:43 PAGE 1   


C51 COMPILER V9.57.0.0, COMPILATION OF MODULE AD
OBJECT MODULE PLACED IN .\Objects\AD.obj
COMPILER INVOKED BY: C:\Software\Keil_C51\C51\BIN\C51.EXE ..\SYSTEM\AD.c LARGE OPTIMIZE(8,SPEED) BROWSE INCDIR(..\SYSTEM
                    -;..\HARDWARE;..\USER) DEBUG OBJECTEXTEND PRINT(.\Listings\AD.lst) TABS(2) OBJECT(.\Objects\AD.obj)

line level    source

   1          #include  <STC15F2K60S2.h>
   2          #include  "AD.h"
   3          #include "myself.h"
   4          #include  "Serial.h"
   5          bit bFlagAD=0;
   6          bit aFlagAD=0;
   7          unsigned int cADCResult=0;
   8          unsigned int AngADResult = 0;
   9          
  10          unsigned char ch = 0;      //ADC通道号
  11          
  12          void ADCInit()
  13          {
  14   1          P1ASF = 0x03;                   //增加P11和P10口为AD口
  15   1          ADC_RES = 0;                    //清除结果寄存器
  16   1          PADC = 1;
  17   1          ADC_CONTR = ADC_POWER | ADC_SPEEDHH | ADC_START | ch;//改为最高速度
  18   1          IE = IE | 0xa0 ;                //使能ADC中断
  19   1          DelayNms(2);//ADC上电并延时
  20   1      }
  21          
  22          void adc_isr() interrupt 5 using 3//AD 中断处理函数
  23          {
  24   1          ADC_CONTR &= !ADC_FLAG;         //清除ADC中断标志
  25   1        
  26   1          if(!ch)  {cADCResult = ADC_RES; bFlagAD = 1;}
  27   1          else {AngADResult = ADC_RES; aFlagAD = 1;}
  28   1      }


MODULE INFORMATION:   STATIC OVERLAYABLE
   CODE SIZE        =     78    ----
   CONSTANT SIZE    =   ----    ----
   XDATA SIZE       =      5    ----
   PDATA SIZE       =   ----    ----
   DATA SIZE        =   ----    ----
   IDATA SIZE       =   ----    ----
   BIT SIZE         =      2    ----
END OF MODULE INFORMATION.


C51 COMPILATION COMPLETE.  0 WARNING(S),  0 ERROR(S)
