C51 COMPILER V9.57.0.0   SERIAL                                                            12/29/2018 11:46:43 PAGE 1   


C51 COMPILER V9.57.0.0, COMPILATION OF MODULE SERIAL
OBJECT MODULE PLACED IN .\Objects\Serial.obj
COMPILER INVOKED BY: C:\Software\Keil_C51\C51\BIN\C51.EXE ..\SYSTEM\Serial.c LARGE OPTIMIZE(8,SPEED) BROWSE INCDIR(..\SY
                    -STEM;..\HARDWARE;..\USER) DEBUG OBJECTEXTEND PRINT(.\Listings\Serial.lst) TABS(2) OBJECT(.\Objects\Serial.obj)

line level    source

   1          #include  "Serial.h"
   2          
   3          bit bS1TrBusy;//串口发送忙标志
   4          bit bS1Rec;//串口接收到数据标志
   5          unsigned char cS1Rec;//串口接收到字符
   6          
   7          void Uart1Init(void)    //115200bps@11.0592MHz,T2作定时器
   8          {
   9   1        SCON = 0x50;    //8位数据,可变波特率
  10   1        AUXR |= 0x01;   //串口1选择定时器2为波特率发生器
  11   1        AUXR |= 0x04;   //定时器2时钟为Fosc,即1T
  12   1      //  T2L = 0xE8;   //设定定时初值
  13   1      //  T2H = 0xFF;   //设定定时初值
  14   1        T2L = (65536 - (MAIN_Fosc/4/BAUD));   //设置波特率重装值
  15   1        T2H = (65536 - (MAIN_Fosc/4/BAUD))>>8;  
  16   1        AUXR |= 0x10;   //启动定时器2
  17   1          
  18   1      ////打开串口中断  
  19   1        ES=1;           //使能串口1中断
  20   1        EA = 1; 
  21   1      }
  22          
  23          
  24          /*----------------------------
  25          UART 中断服务程序
  26          -----------------------------*/ 
  27          void Uart1Interrupt() interrupt 4 using 1
  28          {
  29   1        if(RI)
  30   1        {
  31   2          RI=0;       //清除RI位
  32   2          cS1Rec = SBUF; //将数据读出
  33   2          bS1Rec=1;//置接收到数据标志位   
  34   2        }
  35   1        if(TI)
  36   1        {
  37   2          TI=0;         //清除TI位
  38   2          bS1TrBusy=0; //清忙标志
  39   2        }
  40   1      }
  41          
  42          /*----------------------------
  43          发送串口数据
  44          ----------------------------*/
  45          void S1SendData(unsigned char dat)
  46          {
  47   1          while (bS1TrBusy);//等待前面的数据发送完成
  48   1          bS1TrBusy = 1;
  49   1          SBUF = dat;                 //写数据到UART数据寄存器
  50   1      }
  51          
  52          
  53          /*----------------------------
  54          发送字符串
C51 COMPILER V9.57.0.0   SERIAL                                                            12/29/2018 11:46:43 PAGE 2   

  55          ----------------------------*/
  56          void S1SendString(unsigned char *s)
  57          {
  58   1          while (*s)                  //检测字符串结束标志
  59   1          {
  60   2              S1SendData(*s++);         //发送当前字符
  61   2          }
  62   1      }


MODULE INFORMATION:   STATIC OVERLAYABLE
   CODE SIZE        =    115    ----
   CONSTANT SIZE    =   ----    ----
   XDATA SIZE       =      1       3
   PDATA SIZE       =   ----    ----
   DATA SIZE        =   ----    ----
   IDATA SIZE       =   ----    ----
   BIT SIZE         =      2    ----
END OF MODULE INFORMATION.


C51 COMPILATION COMPLETE.  0 WARNING(S),  0 ERROR(S)
